WARNING 12-29 14:39:53 [importing.py:53] Triton is installed, but `triton.backends` could not be imported. Disabling Triton.
INFO 12-29 14:39:53 [importing.py:68] Triton not installed or not compatible; certain GPU-related functions will not be available.
[2025-12-29 14:40:05] INFO test_amygdala.py:33: 清理测试数据: ./test_amygdala_basic
[2025-12-29 14:40:06] INFO prompt_template_manager.py:58: Loading templates from directory: /mnt/d/Codes/HyperAmy/hipporag/prompts/templates
[2025-12-29 14:40:08] INFO entitiy.py:61: Entity initialized with model: DeepSeek-V3.2
[2025-12-29 14:40:08] INFO prompt_template_manager.py:51: Loading templates from directory: /mnt/d/Codes/HyperAmy/prompts/templates
[2025-12-29 14:40:09] INFO sentence.py:43: Sentence initialized with model: DeepSeek-V3.2
[2025-12-29 14:40:09] INFO emotion_v2.py:84: EmotionV2 initialized with model: DeepSeek-V3.2, embedding_model: GLM-Embedding-3
[2025-12-29 14:40:09] INFO speed.py:22: Speed module initialized
[2025-12-29 14:40:09] INFO temperature.py:22: Temperature module initialized
[2025-12-29 14:40:09] INFO particle.py:79: Particle module initialized
[2025-12-29 14:40:09] INFO amygdala.py:221: Particle module initialized
[2025-12-29 14:40:09] INFO posthog.py:22: Anonymized telemetry enabled. See                     https://docs.trychroma.com/telemetry for more information.
[2025-12-29 14:40:10] INFO chroma_client.py:36: ChromaClient initialized: path=./hyperamy_db_test_particles_basic, collection=test_particles_basic
[2025-12-29 14:40:10] INFO storage.py:37: HyperAmyStorage initialized: path=./hyperamy_db_test_particles_basic, collection=test_particles_basic
[2025-12-29 14:40:10] INFO amygdala.py:227: Particle storage initialized: collection=test_particles_basic
[2025-12-29 14:40:10] INFO amygdala.py:39: Creating working directory: test_amygdala_basic/conversation_embeddings
[2025-12-29 14:40:10] INFO amygdala.py:251: Conversation store initialized without embedding model
[2025-12-29 14:40:10] INFO amygdala.py:485: No existing relationship mapping file found
[2025-12-29 14:40:10] INFO amygdala.py:259: Amygdala workflow initialized
[2025-12-29 14:40:10] INFO amygdala.py:296: ================================================================================
[2025-12-29 14:40:10] INFO amygdala.py:297: [Amygdala.add] 开始处理对话
[2025-12-29 14:40:10] INFO amygdala.py:298:   输入 - conversation_id: test_conversation-a303c4404f2ed0d8ad548c735f18a136
[2025-12-29 14:40:10] INFO amygdala.py:299:   输入 - conversation_text: I love Python programming and I'm excited about machine learning!
[2025-12-29 14:40:10] INFO amygdala.py:300:   输入 - conversation_length: 65 字符
[2025-12-29 14:40:11] INFO particle.py:100: ================================================================================
[2025-12-29 14:40:11] INFO particle.py:101: [Particle.process] 开始处理文本
[2025-12-29 14:40:11] INFO particle.py:102:   输入 - text_id: test_conversation-a303c4404f2ed0d8ad548c735f18a136
[2025-12-29 14:40:11] INFO particle.py:103:   输入 - text: I love Python programming and I'm excited about machine learning!
[2025-12-29 14:40:11] INFO particle.py:104:   输入 - text_length: 65 字符
[2025-12-29 14:40:11] INFO particle.py:105:   输入 - entities: None (将自动抽取)
[2025-12-29 14:40:11] INFO emotion_v2.py:156: ================================================================================
[2025-12-29 14:40:11] INFO emotion_v2.py:157: [EmotionV2.process] 开始处理文本
[2025-12-29 14:40:11] INFO emotion_v2.py:158:   输入 - text_id: test_conversation-a303c4404f2ed0d8ad548c735f18a136
[2025-12-29 14:40:11] INFO emotion_v2.py:159:   输入 - text: I love Python programming and I'm excited about machine learning!
[2025-12-29 14:40:11] INFO emotion_v2.py:160:   输入 - text_length: 65 字符
[2025-12-29 14:40:11] INFO emotion_v2.py:161:   输入 - entities: None (将自动抽取)
[2025-12-29 14:40:11] INFO emotion_v2.py:165: [EmotionV2.process] 开始抽取实体...
[2025-12-29 14:40:11] INFO emotion_v2.py:167: [EmotionV2.process] 实体抽取完成
[2025-12-29 14:40:11] INFO emotion_v2.py:168:   抽取结果 - 实体数量: 0
[2025-12-29 14:40:11] INFO emotion_v2.py:169:   抽取结果 - 实体列表: []
[2025-12-29 14:40:11] WARNING emotion_v2.py:171: [EmotionV2.process] 警告: 未从文本中提取到任何实体
[2025-12-29 14:40:11] WARNING emotion_v2.py:172:   文本内容: I love Python programming and I'm excited about machine learning!
[2025-12-29 14:40:11] WARNING emotion_v2.py:173:   可能原因: 1) 文本中确实没有命名实体 2) 实体提取器无法识别该类型的实体
[2025-12-29 14:40:11] WARNING emotion_v2.py:184: [EmotionV2.process] 处理终止: 没有实体可处理
[2025-12-29 14:40:11] WARNING emotion_v2.py:185:   text_id: test_conversation-a303c4404f2ed0d8ad548c735f18a136
[2025-12-29 14:40:11] WARNING emotion_v2.py:186:   文本内容: I love Python programming and I'm excited about machine learning!
[2025-12-29 14:40:11] WARNING emotion_v2.py:187: ================================================================================
[2025-12-29 14:40:11] INFO particle.py:114: [Particle.process] 情绪节点提取完成
[2025-12-29 14:40:11] INFO particle.py:115:   提取结果 - emotion_nodes数量: 0
[2025-12-29 14:40:11] WARNING particle.py:134: [Particle.process] 处理终止: 没有情绪节点
[2025-12-29 14:40:11] WARNING particle.py:135:   text_id: test_conversation-a303c4404f2ed0d8ad548c735f18a136
[2025-12-29 14:40:11] WARNING particle.py:136:   文本内容: I love Python programming and I'm excited about machine learning!
[2025-12-29 14:40:11] WARNING particle.py:137:   可能原因: 1) 未提取到实体 2) 情感描述生成失败 3) 情绪嵌入失败
[2025-12-29 14:40:11] WARNING particle.py:138: ================================================================================
[2025-12-29 14:40:11] INFO amygdala.py:309: [Amygdala.add] 粒子生成完成: 0 个粒子
[2025-12-29 14:40:11] WARNING amygdala.py:328: [Amygdala.add] 警告: 对话 'I love Python programming and I'm excited about machine learning!...' 未生成任何粒子
[2025-12-29 14:40:11] WARNING amygdala.py:329:   可能原因: 1) 文本中未提取到实体 2) 实体提取失败 3) 情绪分析失败
[2025-12-29 14:40:11] WARNING amygdala.py:340: [Amygdala.add] 处理完成，但未生成粒子
[2025-12-29 14:40:11] WARNING amygdala.py:341:   对话ID: test_conversation-a303c4404f2ed0d8ad548c735f18a136
[2025-12-29 14:40:11] WARNING amygdala.py:342:   对话内容: I love Python programming and I'm excited about machine learning!
[2025-12-29 14:40:11] INFO test_amygdala.py:33: 清理测试数据: ./test_amygdala_multiple
[2025-12-29 14:40:12] INFO prompt_template_manager.py:58: Loading templates from directory: /mnt/d/Codes/HyperAmy/hipporag/prompts/templates
[2025-12-29 14:40:12] INFO entitiy.py:61: Entity initialized with model: DeepSeek-V3.2
[2025-12-29 14:40:12] INFO prompt_template_manager.py:51: Loading templates from directory: /mnt/d/Codes/HyperAmy/prompts/templates
[2025-12-29 14:40:12] INFO sentence.py:43: Sentence initialized with model: DeepSeek-V3.2
[2025-12-29 14:40:12] INFO emotion_v2.py:84: EmotionV2 initialized with model: DeepSeek-V3.2, embedding_model: GLM-Embedding-3
[2025-12-29 14:40:12] INFO speed.py:22: Speed module initialized
[2025-12-29 14:40:12] INFO temperature.py:22: Temperature module initialized
[2025-12-29 14:40:12] INFO particle.py:79: Particle module initialized
[2025-12-29 14:40:12] INFO amygdala.py:221: Particle module initialized
[2025-12-29 14:40:12] INFO posthog.py:22: Anonymized telemetry enabled. See                     https://docs.trychroma.com/telemetry for more information.
[2025-12-29 14:40:13] INFO chroma_client.py:36: ChromaClient initialized: path=./hyperamy_db_test_particles_multiple, collection=test_particles_multiple
[2025-12-29 14:40:13] INFO storage.py:37: HyperAmyStorage initialized: path=./hyperamy_db_test_particles_multiple, collection=test_particles_multiple
[2025-12-29 14:40:13] INFO amygdala.py:227: Particle storage initialized: collection=test_particles_multiple
[2025-12-29 14:40:13] INFO amygdala.py:39: Creating working directory: test_amygdala_multiple/conversation_embeddings
[2025-12-29 14:40:13] INFO amygdala.py:251: Conversation store initialized without embedding model
[2025-12-29 14:40:13] INFO amygdala.py:485: No existing relationship mapping file found
[2025-12-29 14:40:13] INFO amygdala.py:259: Amygdala workflow initialized
[2025-12-29 14:40:13] INFO amygdala.py:296: ================================================================================
[2025-12-29 14:40:13] INFO amygdala.py:297: [Amygdala.add] 开始处理对话
[2025-12-29 14:40:13] INFO amygdala.py:298:   输入 - conversation_id: test_conversation-d92876fdc0ca1ac61d775e496574e00e
[2025-12-29 14:40:13] INFO amygdala.py:299:   输入 - conversation_text: I love Python programming and machine learning!
[2025-12-29 14:40:13] INFO amygdala.py:300:   输入 - conversation_length: 47 字符
[2025-12-29 14:40:13] INFO particle.py:100: ================================================================================
[2025-12-29 14:40:13] INFO particle.py:101: [Particle.process] 开始处理文本
[2025-12-29 14:40:13] INFO particle.py:102:   输入 - text_id: test_conversation-d92876fdc0ca1ac61d775e496574e00e
[2025-12-29 14:40:13] INFO particle.py:103:   输入 - text: I love Python programming and machine learning!
[2025-12-29 14:40:13] INFO particle.py:104:   输入 - text_length: 47 字符
[2025-12-29 14:40:13] INFO particle.py:105:   输入 - entities: None (将自动抽取)
[2025-12-29 14:40:13] INFO emotion_v2.py:156: ================================================================================
[2025-12-29 14:40:13] INFO emotion_v2.py:157: [EmotionV2.process] 开始处理文本
[2025-12-29 14:40:13] INFO emotion_v2.py:158:   输入 - text_id: test_conversation-d92876fdc0ca1ac61d775e496574e00e
[2025-12-29 14:40:13] INFO emotion_v2.py:159:   输入 - text: I love Python programming and machine learning!
[2025-12-29 14:40:13] INFO emotion_v2.py:160:   输入 - text_length: 47 字符
[2025-12-29 14:40:13] INFO emotion_v2.py:161:   输入 - entities: None (将自动抽取)
[2025-12-29 14:40:13] INFO emotion_v2.py:165: [EmotionV2.process] 开始抽取实体...
[2025-12-29 14:40:13] INFO emotion_v2.py:167: [EmotionV2.process] 实体抽取完成
[2025-12-29 14:40:13] INFO emotion_v2.py:168:   抽取结果 - 实体数量: 0
[2025-12-29 14:40:13] INFO emotion_v2.py:169:   抽取结果 - 实体列表: []
[2025-12-29 14:40:13] WARNING emotion_v2.py:171: [EmotionV2.process] 警告: 未从文本中提取到任何实体
[2025-12-29 14:40:13] WARNING emotion_v2.py:172:   文本内容: I love Python programming and machine learning!
[2025-12-29 14:40:13] WARNING emotion_v2.py:173:   可能原因: 1) 文本中确实没有命名实体 2) 实体提取器无法识别该类型的实体
[2025-12-29 14:40:13] WARNING emotion_v2.py:184: [EmotionV2.process] 处理终止: 没有实体可处理
[2025-12-29 14:40:13] WARNING emotion_v2.py:185:   text_id: test_conversation-d92876fdc0ca1ac61d775e496574e00e
[2025-12-29 14:40:13] WARNING emotion_v2.py:186:   文本内容: I love Python programming and machine learning!
[2025-12-29 14:40:13] WARNING emotion_v2.py:187: ================================================================================
[2025-12-29 14:40:13] INFO particle.py:114: [Particle.process] 情绪节点提取完成
[2025-12-29 14:40:13] INFO particle.py:115:   提取结果 - emotion_nodes数量: 0
[2025-12-29 14:40:13] WARNING particle.py:134: [Particle.process] 处理终止: 没有情绪节点
[2025-12-29 14:40:13] WARNING particle.py:135:   text_id: test_conversation-d92876fdc0ca1ac61d775e496574e00e
[2025-12-29 14:40:13] WARNING particle.py:136:   文本内容: I love Python programming and machine learning!
[2025-12-29 14:40:13] WARNING particle.py:137:   可能原因: 1) 未提取到实体 2) 情感描述生成失败 3) 情绪嵌入失败
[2025-12-29 14:40:13] WARNING particle.py:138: ================================================================================
[2025-12-29 14:40:13] INFO amygdala.py:309: [Amygdala.add] 粒子生成完成: 0 个粒子
[2025-12-29 14:40:13] WARNING amygdala.py:328: [Amygdala.add] 警告: 对话 'I love Python programming and machine learning!...' 未生成任何粒子
[2025-12-29 14:40:13] WARNING amygdala.py:329:   可能原因: 1) 文本中未提取到实体 2) 实体提取失败 3) 情绪分析失败
[2025-12-29 14:40:13] WARNING amygdala.py:340: [Amygdala.add] 处理完成，但未生成粒子
[2025-12-29 14:40:13] WARNING amygdala.py:341:   对话ID: test_conversation-d92876fdc0ca1ac61d775e496574e00e
[2025-12-29 14:40:13] WARNING amygdala.py:342:   对话内容: I love Python programming and machine learning!
[2025-12-29 14:40:13] INFO amygdala.py:296: ================================================================================
[2025-12-29 14:40:13] INFO amygdala.py:297: [Amygdala.add] 开始处理对话
[2025-12-29 14:40:13] INFO amygdala.py:298:   输入 - conversation_id: test_conversation-83524becd2b7394577cc4ea2e2f8d724
[2025-12-29 14:40:13] INFO amygdala.py:299:   输入 - conversation_text: The weather is beautiful today, I feel happy.
[2025-12-29 14:40:13] INFO amygdala.py:300:   输入 - conversation_length: 45 字符
[2025-12-29 14:40:13] INFO particle.py:100: ================================================================================
[2025-12-29 14:40:13] INFO particle.py:101: [Particle.process] 开始处理文本
[2025-12-29 14:40:13] INFO particle.py:102:   输入 - text_id: test_conversation-83524becd2b7394577cc4ea2e2f8d724
[2025-12-29 14:40:13] INFO particle.py:103:   输入 - text: The weather is beautiful today, I feel happy.
[2025-12-29 14:40:13] INFO particle.py:104:   输入 - text_length: 45 字符
[2025-12-29 14:40:13] INFO particle.py:105:   输入 - entities: None (将自动抽取)
[2025-12-29 14:40:13] INFO emotion_v2.py:156: ================================================================================
[2025-12-29 14:40:13] INFO emotion_v2.py:157: [EmotionV2.process] 开始处理文本
[2025-12-29 14:40:13] INFO emotion_v2.py:158:   输入 - text_id: test_conversation-83524becd2b7394577cc4ea2e2f8d724
[2025-12-29 14:40:13] INFO emotion_v2.py:159:   输入 - text: The weather is beautiful today, I feel happy.
[2025-12-29 14:40:13] INFO emotion_v2.py:160:   输入 - text_length: 45 字符
[2025-12-29 14:40:13] INFO emotion_v2.py:161:   输入 - entities: None (将自动抽取)
[2025-12-29 14:40:13] INFO emotion_v2.py:165: [EmotionV2.process] 开始抽取实体...
[2025-12-29 14:40:13] INFO emotion_v2.py:167: [EmotionV2.process] 实体抽取完成
[2025-12-29 14:40:13] INFO emotion_v2.py:168:   抽取结果 - 实体数量: 0
[2025-12-29 14:40:13] INFO emotion_v2.py:169:   抽取结果 - 实体列表: []
[2025-12-29 14:40:13] WARNING emotion_v2.py:171: [EmotionV2.process] 警告: 未从文本中提取到任何实体
[2025-12-29 14:40:13] WARNING emotion_v2.py:172:   文本内容: The weather is beautiful today, I feel happy.
[2025-12-29 14:40:13] WARNING emotion_v2.py:173:   可能原因: 1) 文本中确实没有命名实体 2) 实体提取器无法识别该类型的实体
[2025-12-29 14:40:13] WARNING emotion_v2.py:184: [EmotionV2.process] 处理终止: 没有实体可处理
[2025-12-29 14:40:13] WARNING emotion_v2.py:185:   text_id: test_conversation-83524becd2b7394577cc4ea2e2f8d724
[2025-12-29 14:40:13] WARNING emotion_v2.py:186:   文本内容: The weather is beautiful today, I feel happy.
[2025-12-29 14:40:13] WARNING emotion_v2.py:187: ================================================================================
[2025-12-29 14:40:13] INFO particle.py:114: [Particle.process] 情绪节点提取完成
[2025-12-29 14:40:13] INFO particle.py:115:   提取结果 - emotion_nodes数量: 0
[2025-12-29 14:40:13] WARNING particle.py:134: [Particle.process] 处理终止: 没有情绪节点
[2025-12-29 14:40:13] WARNING particle.py:135:   text_id: test_conversation-83524becd2b7394577cc4ea2e2f8d724
[2025-12-29 14:40:13] WARNING particle.py:136:   文本内容: The weather is beautiful today, I feel happy.
[2025-12-29 14:40:13] WARNING particle.py:137:   可能原因: 1) 未提取到实体 2) 情感描述生成失败 3) 情绪嵌入失败
[2025-12-29 14:40:13] WARNING particle.py:138: ================================================================================
[2025-12-29 14:40:13] INFO amygdala.py:309: [Amygdala.add] 粒子生成完成: 0 个粒子
[2025-12-29 14:40:13] WARNING amygdala.py:328: [Amygdala.add] 警告: 对话 'The weather is beautiful today, I feel happy....' 未生成任何粒子
[2025-12-29 14:40:13] WARNING amygdala.py:329:   可能原因: 1) 文本中未提取到实体 2) 实体提取失败 3) 情绪分析失败
[2025-12-29 14:40:13] WARNING amygdala.py:340: [Amygdala.add] 处理完成，但未生成粒子
[2025-12-29 14:40:13] WARNING amygdala.py:341:   对话ID: test_conversation-83524becd2b7394577cc4ea2e2f8d724
[2025-12-29 14:40:13] WARNING amygdala.py:342:   对话内容: The weather is beautiful today, I feel happy.
[2025-12-29 14:40:13] INFO amygdala.py:296: ================================================================================
[2025-12-29 14:40:13] INFO amygdala.py:297: [Amygdala.add] 开始处理对话
[2025-12-29 14:40:13] INFO amygdala.py:298:   输入 - conversation_id: test_conversation-028403027411873a0426c8a1906d39af
[2025-12-29 14:40:13] INFO amygdala.py:299:   输入 - conversation_text: I'm frustrated with this bug in my code.
[2025-12-29 14:40:13] INFO amygdala.py:300:   输入 - conversation_length: 40 字符
[2025-12-29 14:40:13] INFO particle.py:100: ================================================================================
[2025-12-29 14:40:13] INFO particle.py:101: [Particle.process] 开始处理文本
[2025-12-29 14:40:13] INFO particle.py:102:   输入 - text_id: test_conversation-028403027411873a0426c8a1906d39af
[2025-12-29 14:40:13] INFO particle.py:103:   输入 - text: I'm frustrated with this bug in my code.
[2025-12-29 14:40:13] INFO particle.py:104:   输入 - text_length: 40 字符
[2025-12-29 14:40:13] INFO particle.py:105:   输入 - entities: None (将自动抽取)
[2025-12-29 14:40:13] INFO emotion_v2.py:156: ================================================================================
[2025-12-29 14:40:13] INFO emotion_v2.py:157: [EmotionV2.process] 开始处理文本
[2025-12-29 14:40:13] INFO emotion_v2.py:158:   输入 - text_id: test_conversation-028403027411873a0426c8a1906d39af
[2025-12-29 14:40:13] INFO emotion_v2.py:159:   输入 - text: I'm frustrated with this bug in my code.
[2025-12-29 14:40:13] INFO emotion_v2.py:160:   输入 - text_length: 40 字符
[2025-12-29 14:40:13] INFO emotion_v2.py:161:   输入 - entities: None (将自动抽取)
[2025-12-29 14:40:13] INFO emotion_v2.py:165: [EmotionV2.process] 开始抽取实体...
[2025-12-29 14:40:13] INFO emotion_v2.py:167: [EmotionV2.process] 实体抽取完成
[2025-12-29 14:40:13] INFO emotion_v2.py:168:   抽取结果 - 实体数量: 0
[2025-12-29 14:40:13] INFO emotion_v2.py:169:   抽取结果 - 实体列表: []
[2025-12-29 14:40:13] WARNING emotion_v2.py:171: [EmotionV2.process] 警告: 未从文本中提取到任何实体
[2025-12-29 14:40:13] WARNING emotion_v2.py:172:   文本内容: I'm frustrated with this bug in my code.
[2025-12-29 14:40:13] WARNING emotion_v2.py:173:   可能原因: 1) 文本中确实没有命名实体 2) 实体提取器无法识别该类型的实体
[2025-12-29 14:40:13] WARNING emotion_v2.py:184: [EmotionV2.process] 处理终止: 没有实体可处理
[2025-12-29 14:40:13] WARNING emotion_v2.py:185:   text_id: test_conversation-028403027411873a0426c8a1906d39af
[2025-12-29 14:40:13] WARNING emotion_v2.py:186:   文本内容: I'm frustrated with this bug in my code.
[2025-12-29 14:40:13] WARNING emotion_v2.py:187: ================================================================================
[2025-12-29 14:40:13] INFO particle.py:114: [Particle.process] 情绪节点提取完成
[2025-12-29 14:40:13] INFO particle.py:115:   提取结果 - emotion_nodes数量: 0
[2025-12-29 14:40:13] WARNING particle.py:134: [Particle.process] 处理终止: 没有情绪节点
[2025-12-29 14:40:13] WARNING particle.py:135:   text_id: test_conversation-028403027411873a0426c8a1906d39af
[2025-12-29 14:40:13] WARNING particle.py:136:   文本内容: I'm frustrated with this bug in my code.
[2025-12-29 14:40:13] WARNING particle.py:137:   可能原因: 1) 未提取到实体 2) 情感描述生成失败 3) 情绪嵌入失败
[2025-12-29 14:40:13] WARNING particle.py:138: ================================================================================
[2025-12-29 14:40:13] INFO amygdala.py:309: [Amygdala.add] 粒子生成完成: 0 个粒子
[2025-12-29 14:40:14] WARNING amygdala.py:328: [Amygdala.add] 警告: 对话 'I'm frustrated with this bug in my code....' 未生成任何粒子
[2025-12-29 14:40:14] WARNING amygdala.py:329:   可能原因: 1) 文本中未提取到实体 2) 实体提取失败 3) 情绪分析失败
[2025-12-29 14:40:14] WARNING amygdala.py:340: [Amygdala.add] 处理完成，但未生成粒子
[2025-12-29 14:40:14] WARNING amygdala.py:341:   对话ID: test_conversation-028403027411873a0426c8a1906d39af
[2025-12-29 14:40:14] WARNING amygdala.py:342:   对话内容: I'm frustrated with this bug in my code.
[2025-12-29 14:40:14] INFO amygdala.py:296: ================================================================================
[2025-12-29 14:40:14] INFO amygdala.py:297: [Amygdala.add] 开始处理对话
[2025-12-29 14:40:14] INFO amygdala.py:298:   输入 - conversation_id: test_conversation-e05db879cb2c698162903b78288164db
[2025-12-29 14:40:14] INFO amygdala.py:299:   输入 - conversation_text: Learning new technologies is exciting and challenging.
[2025-12-29 14:40:14] INFO amygdala.py:300:   输入 - conversation_length: 54 字符
[2025-12-29 14:40:14] INFO particle.py:100: ================================================================================
[2025-12-29 14:40:14] INFO particle.py:101: [Particle.process] 开始处理文本
[2025-12-29 14:40:14] INFO particle.py:102:   输入 - text_id: test_conversation-e05db879cb2c698162903b78288164db
[2025-12-29 14:40:14] INFO particle.py:103:   输入 - text: Learning new technologies is exciting and challenging.
[2025-12-29 14:40:14] INFO particle.py:104:   输入 - text_length: 54 字符
[2025-12-29 14:40:14] INFO particle.py:105:   输入 - entities: None (将自动抽取)
[2025-12-29 14:40:14] INFO emotion_v2.py:156: ================================================================================
[2025-12-29 14:40:14] INFO emotion_v2.py:157: [EmotionV2.process] 开始处理文本
[2025-12-29 14:40:14] INFO emotion_v2.py:158:   输入 - text_id: test_conversation-e05db879cb2c698162903b78288164db
[2025-12-29 14:40:14] INFO emotion_v2.py:159:   输入 - text: Learning new technologies is exciting and challenging.
[2025-12-29 14:40:14] INFO emotion_v2.py:160:   输入 - text_length: 54 字符
[2025-12-29 14:40:14] INFO emotion_v2.py:161:   输入 - entities: None (将自动抽取)
[2025-12-29 14:40:14] INFO emotion_v2.py:165: [EmotionV2.process] 开始抽取实体...
[2025-12-29 14:40:14] INFO emotion_v2.py:167: [EmotionV2.process] 实体抽取完成
[2025-12-29 14:40:14] INFO emotion_v2.py:168:   抽取结果 - 实体数量: 0
[2025-12-29 14:40:14] INFO emotion_v2.py:169:   抽取结果 - 实体列表: []
[2025-12-29 14:40:14] WARNING emotion_v2.py:171: [EmotionV2.process] 警告: 未从文本中提取到任何实体
[2025-12-29 14:40:14] WARNING emotion_v2.py:172:   文本内容: Learning new technologies is exciting and challenging.
[2025-12-29 14:40:14] WARNING emotion_v2.py:173:   可能原因: 1) 文本中确实没有命名实体 2) 实体提取器无法识别该类型的实体
[2025-12-29 14:40:14] WARNING emotion_v2.py:184: [EmotionV2.process] 处理终止: 没有实体可处理
[2025-12-29 14:40:15] WARNING emotion_v2.py:185:   text_id: test_conversation-e05db879cb2c698162903b78288164db
[2025-12-29 14:40:15] WARNING emotion_v2.py:186:   文本内容: Learning new technologies is exciting and challenging.
[2025-12-29 14:40:15] WARNING emotion_v2.py:187: ================================================================================
[2025-12-29 14:40:15] INFO particle.py:114: [Particle.process] 情绪节点提取完成
[2025-12-29 14:40:15] INFO particle.py:115:   提取结果 - emotion_nodes数量: 0
[2025-12-29 14:40:15] WARNING particle.py:134: [Particle.process] 处理终止: 没有情绪节点
[2025-12-29 14:40:15] WARNING particle.py:135:   text_id: test_conversation-e05db879cb2c698162903b78288164db
[2025-12-29 14:40:15] WARNING particle.py:136:   文本内容: Learning new technologies is exciting and challenging.
[2025-12-29 14:40:15] WARNING particle.py:137:   可能原因: 1) 未提取到实体 2) 情感描述生成失败 3) 情绪嵌入失败
[2025-12-29 14:40:15] WARNING particle.py:138: ================================================================================
[2025-12-29 14:40:15] INFO amygdala.py:309: [Amygdala.add] 粒子生成完成: 0 个粒子
[2025-12-29 14:40:15] WARNING amygdala.py:328: [Amygdala.add] 警告: 对话 'Learning new technologies is exciting and challenging....' 未生成任何粒子
[2025-12-29 14:40:15] WARNING amygdala.py:329:   可能原因: 1) 文本中未提取到实体 2) 实体提取失败 3) 情绪分析失败
[2025-12-29 14:40:15] WARNING amygdala.py:340: [Amygdala.add] 处理完成，但未生成粒子
[2025-12-29 14:40:15] WARNING amygdala.py:341:   对话ID: test_conversation-e05db879cb2c698162903b78288164db
[2025-12-29 14:40:15] WARNING amygdala.py:342:   对话内容: Learning new technologies is exciting and challenging.
Traceback (most recent call last):
  File "/mnt/d/Codes/HyperAmy/test/test_amygdala.py", line 185, in test_amygdala_multiple_conversations
    assert len(particle_ids) > 0, f"对话 {conv_id} 应该包含至少一个粒子"
AssertionError: 对话 test_conversation-83524becd2b7394577cc4ea2e2f8d724 应该包含至少一个粒子
[2025-12-29 14:40:15] INFO test_amygdala.py:33: 清理测试数据: ./test_amygdala_relationship
[2025-12-29 14:40:15] INFO prompt_template_manager.py:58: Loading templates from directory: /mnt/d/Codes/HyperAmy/hipporag/prompts/templates
[2025-12-29 14:40:16] INFO entitiy.py:61: Entity initialized with model: DeepSeek-V3.2
[2025-12-29 14:40:16] INFO prompt_template_manager.py:51: Loading templates from directory: /mnt/d/Codes/HyperAmy/prompts/templates
[2025-12-29 14:40:16] INFO sentence.py:43: Sentence initialized with model: DeepSeek-V3.2
[2025-12-29 14:40:16] INFO emotion_v2.py:84: EmotionV2 initialized with model: DeepSeek-V3.2, embedding_model: GLM-Embedding-3
[2025-12-29 14:40:16] INFO speed.py:22: Speed module initialized
[2025-12-29 14:40:16] INFO temperature.py:22: Temperature module initialized
[2025-12-29 14:40:16] INFO particle.py:79: Particle module initialized
[2025-12-29 14:40:16] INFO amygdala.py:221: Particle module initialized
[2025-12-29 14:40:16] INFO posthog.py:22: Anonymized telemetry enabled. See                     https://docs.trychroma.com/telemetry for more information.
[2025-12-29 14:40:17] INFO chroma_client.py:36: ChromaClient initialized: path=./hyperamy_db_test_particles_relationship, collection=test_particles_relationship
[2025-12-29 14:40:17] INFO storage.py:37: HyperAmyStorage initialized: path=./hyperamy_db_test_particles_relationship, collection=test_particles_relationship
[2025-12-29 14:40:17] INFO amygdala.py:227: Particle storage initialized: collection=test_particles_relationship
[2025-12-29 14:40:17] INFO amygdala.py:39: Creating working directory: test_amygdala_relationship/conversation_embeddings
[2025-12-29 14:40:17] INFO amygdala.py:251: Conversation store initialized without embedding model
[2025-12-29 14:40:17] INFO amygdala.py:485: No existing relationship mapping file found
[2025-12-29 14:40:17] INFO amygdala.py:259: Amygdala workflow initialized
[2025-12-29 14:40:17] INFO amygdala.py:296: ================================================================================
[2025-12-29 14:40:17] INFO amygdala.py:297: [Amygdala.add] 开始处理对话
[2025-12-29 14:40:17] INFO amygdala.py:298:   输入 - conversation_id: test_conversation-5eb80fe0f860cf85f98cd1626aa74bd2
[2025-12-29 14:40:17] INFO amygdala.py:299:   输入 - conversation_text: I love Python programming!
[2025-12-29 14:40:17] INFO amygdala.py:300:   输入 - conversation_length: 26 字符
[2025-12-29 14:40:17] INFO particle.py:100: ================================================================================
[2025-12-29 14:40:17] INFO particle.py:101: [Particle.process] 开始处理文本
[2025-12-29 14:40:17] INFO particle.py:102:   输入 - text_id: test_conversation-5eb80fe0f860cf85f98cd1626aa74bd2
[2025-12-29 14:40:17] INFO particle.py:103:   输入 - text: I love Python programming!
[2025-12-29 14:40:17] INFO particle.py:104:   输入 - text_length: 26 字符
[2025-12-29 14:40:17] INFO particle.py:105:   输入 - entities: None (将自动抽取)
[2025-12-29 14:40:17] INFO emotion_v2.py:156: ================================================================================
[2025-12-29 14:40:17] INFO emotion_v2.py:157: [EmotionV2.process] 开始处理文本
[2025-12-29 14:40:17] INFO emotion_v2.py:158:   输入 - text_id: test_conversation-5eb80fe0f860cf85f98cd1626aa74bd2
[2025-12-29 14:40:17] INFO emotion_v2.py:159:   输入 - text: I love Python programming!
[2025-12-29 14:40:17] INFO emotion_v2.py:160:   输入 - text_length: 26 字符
[2025-12-29 14:40:17] INFO emotion_v2.py:161:   输入 - entities: None (将自动抽取)
[2025-12-29 14:40:17] INFO emotion_v2.py:165: [EmotionV2.process] 开始抽取实体...
[2025-12-29 14:40:17] INFO emotion_v2.py:167: [EmotionV2.process] 实体抽取完成
[2025-12-29 14:40:17] INFO emotion_v2.py:168:   抽取结果 - 实体数量: 1
[2025-12-29 14:40:17] INFO emotion_v2.py:169:   抽取结果 - 实体列表: ['Python']
[2025-12-29 14:40:17] INFO emotion_v2.py:191: [EmotionV2.process] 开始为实体生成情感描述...
[2025-12-29 14:40:17] INFO emotion_v2.py:192:   实体数量: 1
[2025-12-29 14:40:17] INFO emotion_v2.py:193:   实体列表: ['Python']
[2025-12-29 14:40:17] INFO sentence.py:67: [Sentence.generate_affective_description] 开始为实体 'Python' 生成情感描述
[2025-12-29 14:40:19] INFO sentence.py:78: [Sentence.generate_affective_description] 成功生成描述: love, joy, enthusiasm
[2025-12-29 14:40:19] INFO sentence.py:120: Generated 1 affective descriptions for 1 entities
[2025-12-29 14:40:19] INFO emotion_v2.py:200: [EmotionV2.process] 情感描述生成完成
[2025-12-29 14:40:19] INFO emotion_v2.py:201:   成功生成: 1/1 个描述
[2025-12-29 14:40:19] INFO emotion_v2.py:217: [EmotionV2.process] 开始生成情绪嵌入向量...
[2025-12-29 14:40:19] INFO emotion_v2.py:248: [EmotionV2.process] 成功创建 EmotionNode: entity_id=test_conversation-5eb80fe0f860cf85f98cd1626aa74bd2_entity_0, entity=Python, vector_shape=(2048,), vector_norm=1.000000
[2025-12-29 14:40:20] INFO emotion_v2.py:264: [EmotionV2.process] 处理完成
[2025-12-29 14:40:20] INFO emotion_v2.py:265:   成功处理: 1/1 个实体
[2025-12-29 14:40:20] INFO emotion_v2.py:266:   生成的 EmotionNode 列表:
[2025-12-29 14:40:20] INFO emotion_v2.py:268:     1. entity_id=test_conversation-5eb80fe0f860cf85f98cd1626aa74bd2_entity_0, entity=Python, vector_shape=(2048,)
[2025-12-29 14:40:20] INFO emotion_v2.py:273: ================================================================================
[2025-12-29 14:40:20] INFO particle.py:114: [Particle.process] 情绪节点提取完成
[2025-12-29 14:40:20] INFO particle.py:115:   提取结果 - emotion_nodes数量: 1
[2025-12-29 14:40:20] INFO particle.py:117:   提取结果 - emotion_nodes详情:
[2025-12-29 14:40:20] INFO particle.py:119:     1. entity_id=test_conversation-5eb80fe0f860cf85f98cd1626aa74bd2_entity_0, entity=Python, vector_shape=(2048,)
[2025-12-29 14:40:20] INFO particle.py:201: Successfully created 1 particles for text_id: test_conversation-5eb80fe0f860cf85f98cd1626aa74bd2
[2025-12-29 14:40:20] INFO amygdala.py:309: [Amygdala.add] 粒子生成完成: 1 个粒子
[2025-12-29 14:40:20] INFO amygdala.py:313: [Amygdala.add] 粒子详细信息:
[2025-12-29 14:40:20] INFO amygdala.py:316:   粒子 1/1: entity_id=test_conversation-5eb80fe0f860cf85f98cd1626aa74bd2_entity_0, entity=Python, speed=0.500000, temperature=0.500000, weight=1.000000, emotion_vector_shape=(2048,), emotion_vector_preview=[-0.013674667499414794, 0.004016563652966638, -0.03369532876652335, 0.017202849370259503, -0.013366839510683378], born=1766990417.774296
[2025-12-29 14:40:20] INFO amygdala.py:377: [Amygdala.add] 开始存储粒子到数据库
[2025-12-29 14:40:20] INFO amygdala.py:378:   粒子数量: 1
[2025-12-29 14:40:20] INFO amygdala.py:380:   粒子ID列表: ['test_conversation-5eb80fe0f860cf85f98cd1626aa74bd2_entity_0']
[2025-12-29 14:40:25] INFO storage.py:128: Batch upserted 1 entities
[2025-12-29 14:40:25] INFO amygdala.py:386: [Amygdala.add] 粒子存储成功: 1 个粒子已存储到数据库
[2025-12-29 14:40:25] INFO amygdala.py:398: [Amygdala.add] 开始存储对话到数据库
[2025-12-29 14:40:25] INFO amygdala.py:399:   conversation_id: test_conversation-5eb80fe0f860cf85f98cd1626aa74bd2
[2025-12-29 14:40:25] INFO amygdala.py:400:   对话内容长度: 26 字符
[2025-12-29 14:40:25] INFO amygdala.py:104: [SimpleConversationStore.insert_strings] 开始插入对话文本
[2025-12-29 14:40:25] INFO amygdala.py:105:   输入文本数量: 1
[2025-12-29 14:40:25] INFO amygdala.py:107:   文本 1: I love Python programming! (长度: 26 字符)
[2025-12-29 14:40:25] INFO amygdala.py:124: [SimpleConversationStore.insert_strings] 插入统计: 1 条新记录, 0 条已存在
[2025-12-29 14:40:25] INFO amygdala.py:135: [SimpleConversationStore.insert_strings] 准备插入 1 条新记录
[2025-12-29 14:40:25] INFO amygdala.py:143: [SimpleConversationStore.insert_strings] 保存新记录到文件
[2025-12-29 14:40:25] INFO amygdala.py:95: Saved 1 conversation records to test_amygdala_relationship/conversation_embeddings/vdb_test_conversation.parquet
[2025-12-29 14:40:25] INFO amygdala.py:145: [SimpleConversationStore.insert_strings] 插入完成，当前总记录数: 1
[2025-12-29 14:40:25] INFO amygdala.py:403: [Amygdala.add] 对话存储成功: conversation_id=test_conversation-5eb80fe0f860cf85f98cd1626aa74bd2
[2025-12-29 14:40:25] INFO amygdala.py:414: [Amygdala.add] 开始记录关系映射
[2025-12-29 14:40:25] INFO amygdala.py:427: [Amygdala.add] 关系映射记录完成:
[2025-12-29 14:40:25] INFO amygdala.py:428:   对话ID: test_conversation-5eb80fe0f860cf85f98cd1626aa74bd2
[2025-12-29 14:40:25] INFO amygdala.py:429:   关联粒子数: 1
[2025-12-29 14:40:25] INFO amygdala.py:430:   关系映射详情: {'test_conversation-5eb80fe0f860cf85f98cd1626aa74bd2_entity_0': 'test_conversation-5eb80fe0f860cf85f98cd1626aa74bd2'}
[2025-12-29 14:40:26] INFO amygdala.py:441: [Amygdala.add] 处理完成
[2025-12-29 14:40:26] INFO amygdala.py:442:   对话ID: test_conversation-5eb80fe0f860cf85f98cd1626aa74bd2
[2025-12-29 14:40:26] INFO amygdala.py:443:   生成粒子数: 1
[2025-12-29 14:40:26] INFO amygdala.py:444:   粒子ID列表: ['test_conversation-5eb80fe0f860cf85f98cd1626aa74bd2_entity_0']
[2025-12-29 14:40:26] INFO amygdala.py:445:   关系映射数: 1
[2025-12-29 14:40:26] INFO amygdala.py:446: ================================================================================
[2025-12-29 14:40:26] INFO amygdala.py:296: ================================================================================
[2025-12-29 14:40:26] INFO amygdala.py:297: [Amygdala.add] 开始处理对话
[2025-12-29 14:40:26] INFO amygdala.py:298:   输入 - conversation_id: test_conversation-042bc3ca359baf149ebbe296e0f5adfb
[2025-12-29 14:40:26] INFO amygdala.py:299:   输入 - conversation_text: The weather is beautiful today.
[2025-12-29 14:40:26] INFO amygdala.py:300:   输入 - conversation_length: 31 字符
[2025-12-29 14:40:26] INFO particle.py:100: ================================================================================
[2025-12-29 14:40:26] INFO particle.py:101: [Particle.process] 开始处理文本
[2025-12-29 14:40:26] INFO particle.py:102:   输入 - text_id: test_conversation-042bc3ca359baf149ebbe296e0f5adfb
[2025-12-29 14:40:26] INFO particle.py:103:   输入 - text: The weather is beautiful today.
[2025-12-29 14:40:26] INFO particle.py:104:   输入 - text_length: 31 字符
[2025-12-29 14:40:26] INFO particle.py:105:   输入 - entities: None (将自动抽取)
[2025-12-29 14:40:26] INFO emotion_v2.py:156: ================================================================================
[2025-12-29 14:40:26] INFO emotion_v2.py:157: [EmotionV2.process] 开始处理文本
[2025-12-29 14:40:26] INFO emotion_v2.py:158:   输入 - text_id: test_conversation-042bc3ca359baf149ebbe296e0f5adfb
[2025-12-29 14:40:26] INFO emotion_v2.py:159:   输入 - text: The weather is beautiful today.
[2025-12-29 14:40:26] INFO emotion_v2.py:160:   输入 - text_length: 31 字符
[2025-12-29 14:40:26] INFO emotion_v2.py:161:   输入 - entities: None (将自动抽取)
[2025-12-29 14:40:26] INFO emotion_v2.py:165: [EmotionV2.process] 开始抽取实体...
[2025-12-29 14:40:27] INFO emotion_v2.py:167: [EmotionV2.process] 实体抽取完成
[2025-12-29 14:40:27] INFO emotion_v2.py:168:   抽取结果 - 实体数量: 0
[2025-12-29 14:40:27] INFO emotion_v2.py:169:   抽取结果 - 实体列表: []
[2025-12-29 14:40:27] WARNING emotion_v2.py:171: [EmotionV2.process] 警告: 未从文本中提取到任何实体
[2025-12-29 14:40:27] WARNING emotion_v2.py:172:   文本内容: The weather is beautiful today.
[2025-12-29 14:40:27] WARNING emotion_v2.py:173:   可能原因: 1) 文本中确实没有命名实体 2) 实体提取器无法识别该类型的实体
[2025-12-29 14:40:27] WARNING emotion_v2.py:184: [EmotionV2.process] 处理终止: 没有实体可处理
[2025-12-29 14:40:27] WARNING emotion_v2.py:185:   text_id: test_conversation-042bc3ca359baf149ebbe296e0f5adfb
[2025-12-29 14:40:27] WARNING emotion_v2.py:186:   文本内容: The weather is beautiful today.
[2025-12-29 14:40:27] WARNING emotion_v2.py:187: ================================================================================
[2025-12-29 14:40:27] INFO particle.py:114: [Particle.process] 情绪节点提取完成
[2025-12-29 14:40:27] INFO particle.py:115:   提取结果 - emotion_nodes数量: 0
[2025-12-29 14:40:27] WARNING particle.py:134: [Particle.process] 处理终止: 没有情绪节点
[2025-12-29 14:40:27] WARNING particle.py:135:   text_id: test_conversation-042bc3ca359baf149ebbe296e0f5adfb
[2025-12-29 14:40:27] WARNING particle.py:136:   文本内容: The weather is beautiful today.
[2025-12-29 14:40:27] WARNING particle.py:137:   可能原因: 1) 未提取到实体 2) 情感描述生成失败 3) 情绪嵌入失败
[2025-12-29 14:40:27] WARNING particle.py:138: ================================================================================
[2025-12-29 14:40:27] INFO amygdala.py:309: [Amygdala.add] 粒子生成完成: 0 个粒子
[2025-12-29 14:40:27] WARNING amygdala.py:328: [Amygdala.add] 警告: 对话 'The weather is beautiful today....' 未生成任何粒子
[2025-12-29 14:40:27] WARNING amygdala.py:329:   可能原因: 1) 文本中未提取到实体 2) 实体提取失败 3) 情绪分析失败
[2025-12-29 14:40:27] WARNING amygdala.py:340: [Amygdala.add] 处理完成，但未生成粒子
[2025-12-29 14:40:27] WARNING amygdala.py:341:   对话ID: test_conversation-042bc3ca359baf149ebbe296e0f5adfb
[2025-12-29 14:40:27] WARNING amygdala.py:342:   对话内容: The weather is beautiful today.
[2025-12-29 14:40:27] INFO test_amygdala.py:33: 清理测试数据: ./test_amygdala_persistence
[2025-12-29 14:40:27] INFO prompt_template_manager.py:58: Loading templates from directory: /mnt/d/Codes/HyperAmy/hipporag/prompts/templates
[2025-12-29 14:40:28] INFO entitiy.py:61: Entity initialized with model: DeepSeek-V3.2
[2025-12-29 14:40:28] INFO prompt_template_manager.py:51: Loading templates from directory: /mnt/d/Codes/HyperAmy/prompts/templates
[2025-12-29 14:40:28] INFO sentence.py:43: Sentence initialized with model: DeepSeek-V3.2
[2025-12-29 14:40:28] INFO emotion_v2.py:84: EmotionV2 initialized with model: DeepSeek-V3.2, embedding_model: GLM-Embedding-3
[2025-12-29 14:40:28] INFO speed.py:22: Speed module initialized
[2025-12-29 14:40:28] INFO temperature.py:22: Temperature module initialized
[2025-12-29 14:40:28] INFO particle.py:79: Particle module initialized
[2025-12-29 14:40:28] INFO amygdala.py:221: Particle module initialized
[2025-12-29 14:40:28] INFO posthog.py:22: Anonymized telemetry enabled. See                     https://docs.trychroma.com/telemetry for more information.
[2025-12-29 14:40:30] INFO chroma_client.py:36: ChromaClient initialized: path=./hyperamy_db_test_particles_persistence, collection=test_particles_persistence
[2025-12-29 14:40:30] INFO storage.py:37: HyperAmyStorage initialized: path=./hyperamy_db_test_particles_persistence, collection=test_particles_persistence
[2025-12-29 14:40:30] INFO amygdala.py:227: Particle storage initialized: collection=test_particles_persistence
[2025-12-29 14:40:30] INFO amygdala.py:39: Creating working directory: test_amygdala_persistence/conversation_embeddings
[2025-12-29 14:40:30] INFO amygdala.py:251: Conversation store initialized without embedding model
[2025-12-29 14:40:30] INFO amygdala.py:485: No existing relationship mapping file found
[2025-12-29 14:40:30] INFO amygdala.py:259: Amygdala workflow initialized
[2025-12-29 14:40:30] INFO amygdala.py:296: ================================================================================
[2025-12-29 14:40:30] INFO amygdala.py:297: [Amygdala.add] 开始处理对话
[2025-12-29 14:40:30] INFO amygdala.py:298:   输入 - conversation_id: test_conversation-31e267c3b73671aaeaf38198bf1b5afb
[2025-12-29 14:40:30] INFO amygdala.py:299:   输入 - conversation_text: First conversation about Python.
[2025-12-29 14:40:30] INFO amygdala.py:300:   输入 - conversation_length: 32 字符
[2025-12-29 14:40:30] INFO particle.py:100: ================================================================================
[2025-12-29 14:40:30] INFO particle.py:101: [Particle.process] 开始处理文本
[2025-12-29 14:40:30] INFO particle.py:102:   输入 - text_id: test_conversation-31e267c3b73671aaeaf38198bf1b5afb
[2025-12-29 14:40:30] INFO particle.py:103:   输入 - text: First conversation about Python.
[2025-12-29 14:40:30] INFO particle.py:104:   输入 - text_length: 32 字符
[2025-12-29 14:40:30] INFO particle.py:105:   输入 - entities: None (将自动抽取)
[2025-12-29 14:40:30] INFO emotion_v2.py:156: ================================================================================
[2025-12-29 14:40:30] INFO emotion_v2.py:157: [EmotionV2.process] 开始处理文本
[2025-12-29 14:40:30] INFO emotion_v2.py:158:   输入 - text_id: test_conversation-31e267c3b73671aaeaf38198bf1b5afb
[2025-12-29 14:40:30] INFO emotion_v2.py:159:   输入 - text: First conversation about Python.
[2025-12-29 14:40:30] INFO emotion_v2.py:160:   输入 - text_length: 32 字符
[2025-12-29 14:40:30] INFO emotion_v2.py:161:   输入 - entities: None (将自动抽取)
[2025-12-29 14:40:30] INFO emotion_v2.py:165: [EmotionV2.process] 开始抽取实体...
[2025-12-29 14:40:31] INFO emotion_v2.py:167: [EmotionV2.process] 实体抽取完成
[2025-12-29 14:40:31] INFO emotion_v2.py:168:   抽取结果 - 实体数量: 1
[2025-12-29 14:40:31] INFO emotion_v2.py:169:   抽取结果 - 实体列表: ['Python']
[2025-12-29 14:40:31] INFO emotion_v2.py:191: [EmotionV2.process] 开始为实体生成情感描述...
[2025-12-29 14:40:31] INFO emotion_v2.py:192:   实体数量: 1
[2025-12-29 14:40:31] INFO emotion_v2.py:193:   实体列表: ['Python']
[2025-12-29 14:40:31] INFO sentence.py:67: [Sentence.generate_affective_description] 开始为实体 'Python' 生成情感描述
[2025-12-29 14:40:32] INFO sentence.py:78: [Sentence.generate_affective_description] 成功生成描述: admiration, curiosity, hope
[2025-12-29 14:40:32] INFO sentence.py:120: Generated 1 affective descriptions for 1 entities
[2025-12-29 14:40:32] INFO emotion_v2.py:200: [EmotionV2.process] 情感描述生成完成
[2025-12-29 14:40:32] INFO emotion_v2.py:201:   成功生成: 1/1 个描述
[2025-12-29 14:40:32] INFO emotion_v2.py:217: [EmotionV2.process] 开始生成情绪嵌入向量...
[2025-12-29 14:40:33] INFO emotion_v2.py:248: [EmotionV2.process] 成功创建 EmotionNode: entity_id=test_conversation-31e267c3b73671aaeaf38198bf1b5afb_entity_0, entity=Python, vector_shape=(2048,), vector_norm=1.000000
[2025-12-29 14:40:33] INFO emotion_v2.py:264: [EmotionV2.process] 处理完成
[2025-12-29 14:40:33] INFO emotion_v2.py:265:   成功处理: 1/1 个实体
[2025-12-29 14:40:33] INFO emotion_v2.py:266:   生成的 EmotionNode 列表:
[2025-12-29 14:40:33] INFO emotion_v2.py:268:     1. entity_id=test_conversation-31e267c3b73671aaeaf38198bf1b5afb_entity_0, entity=Python, vector_shape=(2048,)
[2025-12-29 14:40:33] INFO emotion_v2.py:273: ================================================================================
[2025-12-29 14:40:33] INFO particle.py:114: [Particle.process] 情绪节点提取完成
[2025-12-29 14:40:33] INFO particle.py:115:   提取结果 - emotion_nodes数量: 1
[2025-12-29 14:40:33] INFO particle.py:117:   提取结果 - emotion_nodes详情:
[2025-12-29 14:40:33] INFO particle.py:119:     1. entity_id=test_conversation-31e267c3b73671aaeaf38198bf1b5afb_entity_0, entity=Python, vector_shape=(2048,)
[2025-12-29 14:40:33] INFO particle.py:201: Successfully created 1 particles for text_id: test_conversation-31e267c3b73671aaeaf38198bf1b5afb
[2025-12-29 14:40:33] INFO amygdala.py:309: [Amygdala.add] 粒子生成完成: 1 个粒子
[2025-12-29 14:40:33] INFO amygdala.py:313: [Amygdala.add] 粒子详细信息:
[2025-12-29 14:40:33] INFO amygdala.py:316:   粒子 1/1: entity_id=test_conversation-31e267c3b73671aaeaf38198bf1b5afb_entity_0, entity=Python, speed=0.500000, temperature=0.500000, weight=1.000000, emotion_vector_shape=(2048,), emotion_vector_preview=[-0.0105432540906004, 0.01611249713845808, -0.0466048404004852, 0.0053069876456040615, -0.02288988219669757], born=1766990430.5172515
[2025-12-29 14:40:33] INFO amygdala.py:377: [Amygdala.add] 开始存储粒子到数据库
[2025-12-29 14:40:33] INFO amygdala.py:378:   粒子数量: 1
[2025-12-29 14:40:33] INFO amygdala.py:380:   粒子ID列表: ['test_conversation-31e267c3b73671aaeaf38198bf1b5afb_entity_0']
[2025-12-29 14:40:37] INFO storage.py:128: Batch upserted 1 entities
[2025-12-29 14:40:37] INFO amygdala.py:386: [Amygdala.add] 粒子存储成功: 1 个粒子已存储到数据库
[2025-12-29 14:40:37] INFO amygdala.py:398: [Amygdala.add] 开始存储对话到数据库
[2025-12-29 14:40:37] INFO amygdala.py:399:   conversation_id: test_conversation-31e267c3b73671aaeaf38198bf1b5afb
[2025-12-29 14:40:37] INFO amygdala.py:400:   对话内容长度: 32 字符
[2025-12-29 14:40:37] INFO amygdala.py:104: [SimpleConversationStore.insert_strings] 开始插入对话文本
[2025-12-29 14:40:37] INFO amygdala.py:105:   输入文本数量: 1
[2025-12-29 14:40:37] INFO amygdala.py:107:   文本 1: First conversation about Python. (长度: 32 字符)
[2025-12-29 14:40:37] INFO amygdala.py:124: [SimpleConversationStore.insert_strings] 插入统计: 1 条新记录, 0 条已存在
[2025-12-29 14:40:37] INFO amygdala.py:135: [SimpleConversationStore.insert_strings] 准备插入 1 条新记录
[2025-12-29 14:40:37] INFO amygdala.py:143: [SimpleConversationStore.insert_strings] 保存新记录到文件
[2025-12-29 14:40:37] INFO amygdala.py:95: Saved 1 conversation records to test_amygdala_persistence/conversation_embeddings/vdb_test_conversation.parquet
[2025-12-29 14:40:37] INFO amygdala.py:145: [SimpleConversationStore.insert_strings] 插入完成，当前总记录数: 1
[2025-12-29 14:40:37] INFO amygdala.py:403: [Amygdala.add] 对话存储成功: conversation_id=test_conversation-31e267c3b73671aaeaf38198bf1b5afb
[2025-12-29 14:40:37] INFO amygdala.py:414: [Amygdala.add] 开始记录关系映射
[2025-12-29 14:40:37] INFO amygdala.py:427: [Amygdala.add] 关系映射记录完成:
[2025-12-29 14:40:37] INFO amygdala.py:428:   对话ID: test_conversation-31e267c3b73671aaeaf38198bf1b5afb
[2025-12-29 14:40:37] INFO amygdala.py:429:   关联粒子数: 1
[2025-12-29 14:40:37] INFO amygdala.py:430:   关系映射详情: {'test_conversation-31e267c3b73671aaeaf38198bf1b5afb_entity_0': 'test_conversation-31e267c3b73671aaeaf38198bf1b5afb'}
[2025-12-29 14:40:38] INFO amygdala.py:441: [Amygdala.add] 处理完成
[2025-12-29 14:40:38] INFO amygdala.py:442:   对话ID: test_conversation-31e267c3b73671aaeaf38198bf1b5afb
[2025-12-29 14:40:38] INFO amygdala.py:443:   生成粒子数: 1
[2025-12-29 14:40:38] INFO amygdala.py:444:   粒子ID列表: ['test_conversation-31e267c3b73671aaeaf38198bf1b5afb_entity_0']
[2025-12-29 14:40:38] INFO amygdala.py:445:   关系映射数: 1
[2025-12-29 14:40:38] INFO amygdala.py:446: ================================================================================
[2025-12-29 14:40:38] INFO amygdala.py:296: ================================================================================
[2025-12-29 14:40:38] INFO amygdala.py:297: [Amygdala.add] 开始处理对话
[2025-12-29 14:40:38] INFO amygdala.py:298:   输入 - conversation_id: test_conversation-ef8e552773420d95d6d87570033f9f4a
[2025-12-29 14:40:38] INFO amygdala.py:299:   输入 - conversation_text: Second conversation about weather.
[2025-12-29 14:40:38] INFO amygdala.py:300:   输入 - conversation_length: 34 字符
[2025-12-29 14:40:38] INFO particle.py:100: ================================================================================
[2025-12-29 14:40:38] INFO particle.py:101: [Particle.process] 开始处理文本
[2025-12-29 14:40:38] INFO particle.py:102:   输入 - text_id: test_conversation-ef8e552773420d95d6d87570033f9f4a
[2025-12-29 14:40:38] INFO particle.py:103:   输入 - text: Second conversation about weather.
[2025-12-29 14:40:38] INFO particle.py:104:   输入 - text_length: 34 字符
[2025-12-29 14:40:38] INFO particle.py:105:   输入 - entities: None (将自动抽取)
[2025-12-29 14:40:38] INFO emotion_v2.py:156: ================================================================================
[2025-12-29 14:40:38] INFO emotion_v2.py:157: [EmotionV2.process] 开始处理文本
[2025-12-29 14:40:38] INFO emotion_v2.py:158:   输入 - text_id: test_conversation-ef8e552773420d95d6d87570033f9f4a
[2025-12-29 14:40:38] INFO emotion_v2.py:159:   输入 - text: Second conversation about weather.
[2025-12-29 14:40:38] INFO emotion_v2.py:160:   输入 - text_length: 34 字符
[2025-12-29 14:40:38] INFO emotion_v2.py:161:   输入 - entities: None (将自动抽取)
[2025-12-29 14:40:38] INFO emotion_v2.py:165: [EmotionV2.process] 开始抽取实体...
[2025-12-29 14:40:39] INFO emotion_v2.py:167: [EmotionV2.process] 实体抽取完成
[2025-12-29 14:40:39] INFO emotion_v2.py:168:   抽取结果 - 实体数量: 0
[2025-12-29 14:40:39] INFO emotion_v2.py:169:   抽取结果 - 实体列表: []
[2025-12-29 14:40:39] WARNING emotion_v2.py:171: [EmotionV2.process] 警告: 未从文本中提取到任何实体
[2025-12-29 14:40:39] WARNING emotion_v2.py:172:   文本内容: Second conversation about weather.
[2025-12-29 14:40:39] WARNING emotion_v2.py:173:   可能原因: 1) 文本中确实没有命名实体 2) 实体提取器无法识别该类型的实体
[2025-12-29 14:40:39] WARNING emotion_v2.py:184: [EmotionV2.process] 处理终止: 没有实体可处理
[2025-12-29 14:40:39] WARNING emotion_v2.py:185:   text_id: test_conversation-ef8e552773420d95d6d87570033f9f4a
[2025-12-29 14:40:39] WARNING emotion_v2.py:186:   文本内容: Second conversation about weather.
[2025-12-29 14:40:39] WARNING emotion_v2.py:187: ================================================================================
[2025-12-29 14:40:39] INFO particle.py:114: [Particle.process] 情绪节点提取完成
[2025-12-29 14:40:39] INFO particle.py:115:   提取结果 - emotion_nodes数量: 0
[2025-12-29 14:40:39] WARNING particle.py:134: [Particle.process] 处理终止: 没有情绪节点
[2025-12-29 14:40:39] WARNING particle.py:135:   text_id: test_conversation-ef8e552773420d95d6d87570033f9f4a
[2025-12-29 14:40:39] WARNING particle.py:136:   文本内容: Second conversation about weather.
[2025-12-29 14:40:40] WARNING particle.py:137:   可能原因: 1) 未提取到实体 2) 情感描述生成失败 3) 情绪嵌入失败
[2025-12-29 14:40:40] WARNING particle.py:138: ================================================================================
[2025-12-29 14:40:40] INFO amygdala.py:309: [Amygdala.add] 粒子生成完成: 0 个粒子
[2025-12-29 14:40:40] WARNING amygdala.py:328: [Amygdala.add] 警告: 对话 'Second conversation about weather....' 未生成任何粒子
[2025-12-29 14:40:40] WARNING amygdala.py:329:   可能原因: 1) 文本中未提取到实体 2) 实体提取失败 3) 情绪分析失败
[2025-12-29 14:40:40] WARNING amygdala.py:340: [Amygdala.add] 处理完成，但未生成粒子
[2025-12-29 14:40:40] WARNING amygdala.py:341:   对话ID: test_conversation-ef8e552773420d95d6d87570033f9f4a
[2025-12-29 14:40:40] WARNING amygdala.py:342:   对话内容: Second conversation about weather.
[2025-12-29 14:40:40] INFO amygdala.py:296: ================================================================================
[2025-12-29 14:40:40] INFO amygdala.py:297: [Amygdala.add] 开始处理对话
[2025-12-29 14:40:40] INFO amygdala.py:298:   输入 - conversation_id: test_conversation-f58a5e81158d014f5afd4dc620281fed
[2025-12-29 14:40:40] INFO amygdala.py:299:   输入 - conversation_text: Third conversation about coding.
[2025-12-29 14:40:40] INFO amygdala.py:300:   输入 - conversation_length: 32 字符
[2025-12-29 14:40:40] INFO particle.py:100: ================================================================================
[2025-12-29 14:40:40] INFO particle.py:101: [Particle.process] 开始处理文本
[2025-12-29 14:40:40] INFO particle.py:102:   输入 - text_id: test_conversation-f58a5e81158d014f5afd4dc620281fed
[2025-12-29 14:40:40] INFO particle.py:103:   输入 - text: Third conversation about coding.
[2025-12-29 14:40:40] INFO particle.py:104:   输入 - text_length: 32 字符
[2025-12-29 14:40:40] INFO particle.py:105:   输入 - entities: None (将自动抽取)
[2025-12-29 14:40:40] INFO emotion_v2.py:156: ================================================================================
[2025-12-29 14:40:40] INFO emotion_v2.py:157: [EmotionV2.process] 开始处理文本
[2025-12-29 14:40:40] INFO emotion_v2.py:158:   输入 - text_id: test_conversation-f58a5e81158d014f5afd4dc620281fed
[2025-12-29 14:40:40] INFO emotion_v2.py:159:   输入 - text: Third conversation about coding.
[2025-12-29 14:40:40] INFO emotion_v2.py:160:   输入 - text_length: 32 字符
[2025-12-29 14:40:40] INFO emotion_v2.py:161:   输入 - entities: None (将自动抽取)
[2025-12-29 14:40:40] INFO emotion_v2.py:165: [EmotionV2.process] 开始抽取实体...
[2025-12-29 14:40:41] INFO emotion_v2.py:167: [EmotionV2.process] 实体抽取完成
[2025-12-29 14:40:41] INFO emotion_v2.py:168:   抽取结果 - 实体数量: 0
[2025-12-29 14:40:41] INFO emotion_v2.py:169:   抽取结果 - 实体列表: []
[2025-12-29 14:40:41] WARNING emotion_v2.py:171: [EmotionV2.process] 警告: 未从文本中提取到任何实体
[2025-12-29 14:40:41] WARNING emotion_v2.py:172:   文本内容: Third conversation about coding.
[2025-12-29 14:40:41] WARNING emotion_v2.py:173:   可能原因: 1) 文本中确实没有命名实体 2) 实体提取器无法识别该类型的实体
[2025-12-29 14:40:41] WARNING emotion_v2.py:184: [EmotionV2.process] 处理终止: 没有实体可处理
[2025-12-29 14:40:41] WARNING emotion_v2.py:185:   text_id: test_conversation-f58a5e81158d014f5afd4dc620281fed
[2025-12-29 14:40:41] WARNING emotion_v2.py:186:   文本内容: Third conversation about coding.
[2025-12-29 14:40:41] WARNING emotion_v2.py:187: ================================================================================
[2025-12-29 14:40:41] INFO particle.py:114: [Particle.process] 情绪节点提取完成
[2025-12-29 14:40:41] INFO particle.py:115:   提取结果 - emotion_nodes数量: 0
[2025-12-29 14:40:41] WARNING particle.py:134: [Particle.process] 处理终止: 没有情绪节点
[2025-12-29 14:40:41] WARNING particle.py:135:   text_id: test_conversation-f58a5e81158d014f5afd4dc620281fed
[2025-12-29 14:40:41] WARNING particle.py:136:   文本内容: Third conversation about coding.
[2025-12-29 14:40:41] WARNING particle.py:137:   可能原因: 1) 未提取到实体 2) 情感描述生成失败 3) 情绪嵌入失败
[2025-12-29 14:40:41] WARNING particle.py:138: ================================================================================
[2025-12-29 14:40:41] INFO amygdala.py:309: [Amygdala.add] 粒子生成完成: 0 个粒子
[2025-12-29 14:40:41] WARNING amygdala.py:328: [Amygdala.add] 警告: 对话 'Third conversation about coding....' 未生成任何粒子
[2025-12-29 14:40:41] WARNING amygdala.py:329:   可能原因: 1) 文本中未提取到实体 2) 实体提取失败 3) 情绪分析失败
[2025-12-29 14:40:41] WARNING amygdala.py:340: [Amygdala.add] 处理完成，但未生成粒子
[2025-12-29 14:40:41] WARNING amygdala.py:341:   对话ID: test_conversation-f58a5e81158d014f5afd4dc620281fed
[2025-12-29 14:40:41] WARNING amygdala.py:342:   对话内容: Third conversation about coding.
[2025-12-29 14:40:42] INFO prompt_template_manager.py:58: Loading templates from directory: /mnt/d/Codes/HyperAmy/hipporag/prompts/templates
[2025-12-29 14:40:42] INFO entitiy.py:61: Entity initialized with model: DeepSeek-V3.2
[2025-12-29 14:40:42] INFO prompt_template_manager.py:51: Loading templates from directory: /mnt/d/Codes/HyperAmy/prompts/templates
[2025-12-29 14:40:43] INFO sentence.py:43: Sentence initialized with model: DeepSeek-V3.2
[2025-12-29 14:40:43] INFO emotion_v2.py:84: EmotionV2 initialized with model: DeepSeek-V3.2, embedding_model: GLM-Embedding-3
[2025-12-29 14:40:43] INFO speed.py:22: Speed module initialized
[2025-12-29 14:40:43] INFO temperature.py:22: Temperature module initialized
[2025-12-29 14:40:43] INFO particle.py:79: Particle module initialized
[2025-12-29 14:40:43] INFO amygdala.py:221: Particle module initialized
[2025-12-29 14:40:43] INFO chroma_client.py:36: ChromaClient initialized: path=./hyperamy_db_test_particles_persistence, collection=test_particles_persistence
[2025-12-29 14:40:43] INFO storage.py:37: HyperAmyStorage initialized: path=./hyperamy_db_test_particles_persistence, collection=test_particles_persistence
[2025-12-29 14:40:43] INFO amygdala.py:227: Particle storage initialized: collection=test_particles_persistence
[2025-12-29 14:40:43] INFO amygdala.py:70: Loaded 1 conversation records from test_amygdala_persistence/conversation_embeddings/vdb_test_conversation.parquet
[2025-12-29 14:40:43] INFO amygdala.py:251: Conversation store initialized without embedding model
[2025-12-29 14:40:44] INFO amygdala.py:502: Loaded 1 relationship mappings for 1 conversations
[2025-12-29 14:40:44] INFO amygdala.py:259: Amygdala workflow initialized
[2025-12-29 14:40:44] INFO amygdala.py:296: ================================================================================
[2025-12-29 14:40:44] INFO amygdala.py:297: [Amygdala.add] 开始处理对话
[2025-12-29 14:40:44] INFO amygdala.py:298:   输入 - conversation_id: test_conversation-62feca33840bf086b39df23ee7f043b6
[2025-12-29 14:40:44] INFO amygdala.py:299:   输入 - conversation_text: New conversation added after reload.
[2025-12-29 14:40:44] INFO amygdala.py:300:   输入 - conversation_length: 36 字符
[2025-12-29 14:40:44] INFO particle.py:100: ================================================================================
[2025-12-29 14:40:44] INFO particle.py:101: [Particle.process] 开始处理文本
[2025-12-29 14:40:44] INFO particle.py:102:   输入 - text_id: test_conversation-62feca33840bf086b39df23ee7f043b6
[2025-12-29 14:40:44] INFO particle.py:103:   输入 - text: New conversation added after reload.
[2025-12-29 14:40:44] INFO particle.py:104:   输入 - text_length: 36 字符
[2025-12-29 14:40:44] INFO particle.py:105:   输入 - entities: None (将自动抽取)
[2025-12-29 14:40:44] INFO emotion_v2.py:156: ================================================================================
[2025-12-29 14:40:44] INFO emotion_v2.py:157: [EmotionV2.process] 开始处理文本
[2025-12-29 14:40:44] INFO emotion_v2.py:158:   输入 - text_id: test_conversation-62feca33840bf086b39df23ee7f043b6
[2025-12-29 14:40:44] INFO emotion_v2.py:159:   输入 - text: New conversation added after reload.
[2025-12-29 14:40:44] INFO emotion_v2.py:160:   输入 - text_length: 36 字符
[2025-12-29 14:40:44] INFO emotion_v2.py:161:   输入 - entities: None (将自动抽取)
[2025-12-29 14:40:44] INFO emotion_v2.py:165: [EmotionV2.process] 开始抽取实体...
[2025-12-29 14:40:44] INFO emotion_v2.py:167: [EmotionV2.process] 实体抽取完成
[2025-12-29 14:40:44] INFO emotion_v2.py:168:   抽取结果 - 实体数量: 0
[2025-12-29 14:40:44] INFO emotion_v2.py:169:   抽取结果 - 实体列表: []
[2025-12-29 14:40:44] WARNING emotion_v2.py:171: [EmotionV2.process] 警告: 未从文本中提取到任何实体
[2025-12-29 14:40:44] WARNING emotion_v2.py:172:   文本内容: New conversation added after reload.
[2025-12-29 14:40:44] WARNING emotion_v2.py:173:   可能原因: 1) 文本中确实没有命名实体 2) 实体提取器无法识别该类型的实体
[2025-12-29 14:40:44] WARNING emotion_v2.py:184: [EmotionV2.process] 处理终止: 没有实体可处理
[2025-12-29 14:40:44] WARNING emotion_v2.py:185:   text_id: test_conversation-62feca33840bf086b39df23ee7f043b6
[2025-12-29 14:40:44] WARNING emotion_v2.py:186:   文本内容: New conversation added after reload.
[2025-12-29 14:40:44] WARNING emotion_v2.py:187: ================================================================================
[2025-12-29 14:40:44] INFO particle.py:114: [Particle.process] 情绪节点提取完成
[2025-12-29 14:40:44] INFO particle.py:115:   提取结果 - emotion_nodes数量: 0
[2025-12-29 14:40:44] WARNING particle.py:134: [Particle.process] 处理终止: 没有情绪节点
[2025-12-29 14:40:44] WARNING particle.py:135:   text_id: test_conversation-62feca33840bf086b39df23ee7f043b6
[2025-12-29 14:40:44] WARNING particle.py:136:   文本内容: New conversation added after reload.
[2025-12-29 14:40:44] WARNING particle.py:137:   可能原因: 1) 未提取到实体 2) 情感描述生成失败 3) 情绪嵌入失败
[2025-12-29 14:40:44] WARNING particle.py:138: ================================================================================
[2025-12-29 14:40:44] INFO amygdala.py:309: [Amygdala.add] 粒子生成完成: 0 个粒子
[2025-12-29 14:40:44] WARNING amygdala.py:328: [Amygdala.add] 警告: 对话 'New conversation added after reload....' 未生成任何粒子
[2025-12-29 14:40:44] WARNING amygdala.py:329:   可能原因: 1) 文本中未提取到实体 2) 实体提取失败 3) 情绪分析失败
[2025-12-29 14:40:44] WARNING amygdala.py:340: [Amygdala.add] 处理完成，但未生成粒子
[2025-12-29 14:40:44] WARNING amygdala.py:341:   对话ID: test_conversation-62feca33840bf086b39df23ee7f043b6
[2025-12-29 14:40:44] WARNING amygdala.py:342:   对话内容: New conversation added after reload.
[2025-12-29 14:40:45] INFO prompt_template_manager.py:58: Loading templates from directory: /mnt/d/Codes/HyperAmy/hipporag/prompts/templates
[2025-12-29 14:40:45] INFO entitiy.py:61: Entity initialized with model: DeepSeek-V3.2
[2025-12-29 14:40:45] INFO prompt_template_manager.py:51: Loading templates from directory: /mnt/d/Codes/HyperAmy/prompts/templates
[2025-12-29 14:40:46] INFO sentence.py:43: Sentence initialized with model: DeepSeek-V3.2
[2025-12-29 14:40:46] INFO emotion_v2.py:84: EmotionV2 initialized with model: DeepSeek-V3.2, embedding_model: GLM-Embedding-3
[2025-12-29 14:40:46] INFO speed.py:22: Speed module initialized
[2025-12-29 14:40:46] INFO temperature.py:22: Temperature module initialized
[2025-12-29 14:40:46] INFO particle.py:79: Particle module initialized
[2025-12-29 14:40:46] INFO amygdala.py:221: Particle module initialized
[2025-12-29 14:40:46] INFO chroma_client.py:36: ChromaClient initialized: path=./hyperamy_db_test_particles_persistence, collection=test_particles_persistence
[2025-12-29 14:40:46] INFO storage.py:37: HyperAmyStorage initialized: path=./hyperamy_db_test_particles_persistence, collection=test_particles_persistence
[2025-12-29 14:40:46] INFO amygdala.py:227: Particle storage initialized: collection=test_particles_persistence
[2025-12-29 14:40:47] INFO amygdala.py:70: Loaded 1 conversation records from test_amygdala_persistence/conversation_embeddings/vdb_test_conversation.parquet
[2025-12-29 14:40:47] INFO amygdala.py:251: Conversation store initialized without embedding model
[2025-12-29 14:40:47] INFO amygdala.py:502: Loaded 1 relationship mappings for 1 conversations
[2025-12-29 14:40:47] INFO amygdala.py:259: Amygdala workflow initialized
Traceback (most recent call last):
  File "/mnt/d/Codes/HyperAmy/test/test_amygdala.py", line 390, in test_amygdala_persistence
    assert len(new_particles) > 0, "新对话的粒子应该已保存"
AssertionError: 新对话的粒子应该已保存
[2025-12-29 14:40:47] INFO test_amygdala.py:33: 清理测试数据: ./test_amygdala_custom_id
[2025-12-29 14:40:47] INFO prompt_template_manager.py:58: Loading templates from directory: /mnt/d/Codes/HyperAmy/hipporag/prompts/templates
[2025-12-29 14:40:48] INFO entitiy.py:61: Entity initialized with model: DeepSeek-V3.2
[2025-12-29 14:40:48] INFO prompt_template_manager.py:51: Loading templates from directory: /mnt/d/Codes/HyperAmy/prompts/templates
[2025-12-29 14:40:49] INFO sentence.py:43: Sentence initialized with model: DeepSeek-V3.2
[2025-12-29 14:40:49] INFO emotion_v2.py:84: EmotionV2 initialized with model: DeepSeek-V3.2, embedding_model: GLM-Embedding-3
[2025-12-29 14:40:49] INFO speed.py:22: Speed module initialized
[2025-12-29 14:40:49] INFO temperature.py:22: Temperature module initialized
[2025-12-29 14:40:49] INFO particle.py:79: Particle module initialized
[2025-12-29 14:40:49] INFO amygdala.py:221: Particle module initialized
[2025-12-29 14:40:49] INFO posthog.py:22: Anonymized telemetry enabled. See                     https://docs.trychroma.com/telemetry for more information.
[2025-12-29 14:40:50] INFO chroma_client.py:36: ChromaClient initialized: path=./hyperamy_db_test_particles_custom_id, collection=test_particles_custom_id
[2025-12-29 14:40:50] INFO storage.py:37: HyperAmyStorage initialized: path=./hyperamy_db_test_particles_custom_id, collection=test_particles_custom_id
[2025-12-29 14:40:50] INFO amygdala.py:227: Particle storage initialized: collection=test_particles_custom_id
[2025-12-29 14:40:50] INFO amygdala.py:39: Creating working directory: test_amygdala_custom_id/conversation_embeddings
[2025-12-29 14:40:50] INFO amygdala.py:251: Conversation store initialized without embedding model
[2025-12-29 14:40:50] INFO amygdala.py:485: No existing relationship mapping file found
[2025-12-29 14:40:50] INFO amygdala.py:259: Amygdala workflow initialized
[2025-12-29 14:40:50] INFO amygdala.py:296: ================================================================================
[2025-12-29 14:40:50] INFO amygdala.py:297: [Amygdala.add] 开始处理对话
[2025-12-29 14:40:50] INFO amygdala.py:298:   输入 - conversation_id: custom_conversation_001
[2025-12-29 14:40:50] INFO amygdala.py:299:   输入 - conversation_text: This is a test conversation.
[2025-12-29 14:40:50] INFO amygdala.py:300:   输入 - conversation_length: 28 字符
[2025-12-29 14:40:50] INFO particle.py:100: ================================================================================
[2025-12-29 14:40:50] INFO particle.py:101: [Particle.process] 开始处理文本
[2025-12-29 14:40:50] INFO particle.py:102:   输入 - text_id: custom_conversation_001
[2025-12-29 14:40:50] INFO particle.py:103:   输入 - text: This is a test conversation.
[2025-12-29 14:40:50] INFO particle.py:104:   输入 - text_length: 28 字符
[2025-12-29 14:40:50] INFO particle.py:105:   输入 - entities: None (将自动抽取)
[2025-12-29 14:40:50] INFO emotion_v2.py:156: ================================================================================
[2025-12-29 14:40:50] INFO emotion_v2.py:157: [EmotionV2.process] 开始处理文本
[2025-12-29 14:40:50] INFO emotion_v2.py:158:   输入 - text_id: custom_conversation_001
[2025-12-29 14:40:50] INFO emotion_v2.py:159:   输入 - text: This is a test conversation.
[2025-12-29 14:40:50] INFO emotion_v2.py:160:   输入 - text_length: 28 字符
[2025-12-29 14:40:50] INFO emotion_v2.py:161:   输入 - entities: None (将自动抽取)
[2025-12-29 14:40:50] INFO emotion_v2.py:165: [EmotionV2.process] 开始抽取实体...
[2025-12-29 14:40:50] INFO emotion_v2.py:167: [EmotionV2.process] 实体抽取完成
[2025-12-29 14:40:50] INFO emotion_v2.py:168:   抽取结果 - 实体数量: 0
[2025-12-29 14:40:50] INFO emotion_v2.py:169:   抽取结果 - 实体列表: []
[2025-12-29 14:40:50] WARNING emotion_v2.py:171: [EmotionV2.process] 警告: 未从文本中提取到任何实体
[2025-12-29 14:40:50] WARNING emotion_v2.py:172:   文本内容: This is a test conversation.
[2025-12-29 14:40:50] WARNING emotion_v2.py:173:   可能原因: 1) 文本中确实没有命名实体 2) 实体提取器无法识别该类型的实体
[2025-12-29 14:40:50] WARNING emotion_v2.py:184: [EmotionV2.process] 处理终止: 没有实体可处理
[2025-12-29 14:40:50] WARNING emotion_v2.py:185:   text_id: custom_conversation_001
[2025-12-29 14:40:50] WARNING emotion_v2.py:186:   文本内容: This is a test conversation.
[2025-12-29 14:40:50] WARNING emotion_v2.py:187: ================================================================================
[2025-12-29 14:40:50] INFO particle.py:114: [Particle.process] 情绪节点提取完成
[2025-12-29 14:40:50] INFO particle.py:115:   提取结果 - emotion_nodes数量: 0
[2025-12-29 14:40:50] WARNING particle.py:134: [Particle.process] 处理终止: 没有情绪节点
[2025-12-29 14:40:50] WARNING particle.py:135:   text_id: custom_conversation_001
[2025-12-29 14:40:50] WARNING particle.py:136:   文本内容: This is a test conversation.
[2025-12-29 14:40:50] WARNING particle.py:137:   可能原因: 1) 未提取到实体 2) 情感描述生成失败 3) 情绪嵌入失败
[2025-12-29 14:40:50] WARNING particle.py:138: ================================================================================
[2025-12-29 14:40:50] INFO amygdala.py:309: [Amygdala.add] 粒子生成完成: 0 个粒子
[2025-12-29 14:40:50] WARNING amygdala.py:328: [Amygdala.add] 警告: 对话 'This is a test conversation....' 未生成任何粒子
[2025-12-29 14:40:50] WARNING amygdala.py:329:   可能原因: 1) 文本中未提取到实体 2) 实体提取失败 3) 情绪分析失败
[2025-12-29 14:40:50] WARNING amygdala.py:340: [Amygdala.add] 处理完成，但未生成粒子
[2025-12-29 14:40:50] WARNING amygdala.py:341:   对话ID: custom_conversation_001
[2025-12-29 14:40:50] WARNING amygdala.py:342:   对话内容: This is a test conversation.
[2025-12-29 14:40:50] INFO test_amygdala.py:33: 清理测试数据: ./test_amygdala_linking
[2025-12-29 14:40:50] INFO prompt_template_manager.py:58: Loading templates from directory: /mnt/d/Codes/HyperAmy/hipporag/prompts/templates
[2025-12-29 14:40:51] INFO entitiy.py:61: Entity initialized with model: DeepSeek-V3.2
[2025-12-29 14:40:51] INFO prompt_template_manager.py:51: Loading templates from directory: /mnt/d/Codes/HyperAmy/prompts/templates
[2025-12-29 14:40:51] INFO sentence.py:43: Sentence initialized with model: DeepSeek-V3.2
[2025-12-29 14:40:51] INFO emotion_v2.py:84: EmotionV2 initialized with model: DeepSeek-V3.2, embedding_model: GLM-Embedding-3
[2025-12-29 14:40:51] INFO speed.py:22: Speed module initialized
[2025-12-29 14:40:51] INFO temperature.py:22: Temperature module initialized
[2025-12-29 14:40:51] INFO particle.py:79: Particle module initialized
[2025-12-29 14:40:51] INFO amygdala.py:221: Particle module initialized
[2025-12-29 14:40:51] INFO posthog.py:22: Anonymized telemetry enabled. See                     https://docs.trychroma.com/telemetry for more information.
[2025-12-29 14:40:52] INFO chroma_client.py:36: ChromaClient initialized: path=./hyperamy_db_test_particles_linking, collection=test_particles_linking
[2025-12-29 14:40:52] INFO storage.py:37: HyperAmyStorage initialized: path=./hyperamy_db_test_particles_linking, collection=test_particles_linking
[2025-12-29 14:40:52] INFO amygdala.py:227: Particle storage initialized: collection=test_particles_linking
[2025-12-29 14:40:52] INFO amygdala.py:39: Creating working directory: test_amygdala_linking/conversation_embeddings
[2025-12-29 14:40:52] INFO amygdala.py:251: Conversation store initialized without embedding model
[2025-12-29 14:40:52] INFO amygdala.py:485: No existing relationship mapping file found
[2025-12-29 14:40:52] INFO amygdala.py:259: Amygdala workflow initialized
[2025-12-29 14:40:52] INFO amygdala.py:296: ================================================================================
[2025-12-29 14:40:52] INFO amygdala.py:297: [Amygdala.add] 开始处理对话
[2025-12-29 14:40:52] INFO amygdala.py:298:   输入 - conversation_id: test_conversation-d92876fdc0ca1ac61d775e496574e00e
[2025-12-29 14:40:52] INFO amygdala.py:299:   输入 - conversation_text: I love Python programming and machine learning!
[2025-12-29 14:40:52] INFO amygdala.py:300:   输入 - conversation_length: 47 字符
[2025-12-29 14:40:52] INFO particle.py:100: ================================================================================
[2025-12-29 14:40:52] INFO particle.py:101: [Particle.process] 开始处理文本
[2025-12-29 14:40:52] INFO particle.py:102:   输入 - text_id: test_conversation-d92876fdc0ca1ac61d775e496574e00e
[2025-12-29 14:40:52] INFO particle.py:103:   输入 - text: I love Python programming and machine learning!
[2025-12-29 14:40:52] INFO particle.py:104:   输入 - text_length: 47 字符
[2025-12-29 14:40:52] INFO particle.py:105:   输入 - entities: None (将自动抽取)
[2025-12-29 14:40:52] INFO emotion_v2.py:156: ================================================================================
[2025-12-29 14:40:52] INFO emotion_v2.py:157: [EmotionV2.process] 开始处理文本
[2025-12-29 14:40:52] INFO emotion_v2.py:158:   输入 - text_id: test_conversation-d92876fdc0ca1ac61d775e496574e00e
[2025-12-29 14:40:52] INFO emotion_v2.py:159:   输入 - text: I love Python programming and machine learning!
[2025-12-29 14:40:52] INFO emotion_v2.py:160:   输入 - text_length: 47 字符
[2025-12-29 14:40:52] INFO emotion_v2.py:161:   输入 - entities: None (将自动抽取)
[2025-12-29 14:40:52] INFO emotion_v2.py:165: [EmotionV2.process] 开始抽取实体...
[2025-12-29 14:40:52] INFO emotion_v2.py:167: [EmotionV2.process] 实体抽取完成
[2025-12-29 14:40:52] INFO emotion_v2.py:168:   抽取结果 - 实体数量: 0
[2025-12-29 14:40:52] INFO emotion_v2.py:169:   抽取结果 - 实体列表: []
[2025-12-29 14:40:52] WARNING emotion_v2.py:171: [EmotionV2.process] 警告: 未从文本中提取到任何实体
[2025-12-29 14:40:52] WARNING emotion_v2.py:172:   文本内容: I love Python programming and machine learning!
[2025-12-29 14:40:52] WARNING emotion_v2.py:173:   可能原因: 1) 文本中确实没有命名实体 2) 实体提取器无法识别该类型的实体
[2025-12-29 14:40:52] WARNING emotion_v2.py:184: [EmotionV2.process] 处理终止: 没有实体可处理
[2025-12-29 14:40:52] WARNING emotion_v2.py:185:   text_id: test_conversation-d92876fdc0ca1ac61d775e496574e00e
[2025-12-29 14:40:52] WARNING emotion_v2.py:186:   文本内容: I love Python programming and machine learning!
[2025-12-29 14:40:52] WARNING emotion_v2.py:187: ================================================================================
[2025-12-29 14:40:52] INFO particle.py:114: [Particle.process] 情绪节点提取完成
[2025-12-29 14:40:52] INFO particle.py:115:   提取结果 - emotion_nodes数量: 0
[2025-12-29 14:40:52] WARNING particle.py:134: [Particle.process] 处理终止: 没有情绪节点
[2025-12-29 14:40:52] WARNING particle.py:135:   text_id: test_conversation-d92876fdc0ca1ac61d775e496574e00e
[2025-12-29 14:40:52] WARNING particle.py:136:   文本内容: I love Python programming and machine learning!
[2025-12-29 14:40:52] WARNING particle.py:137:   可能原因: 1) 未提取到实体 2) 情感描述生成失败 3) 情绪嵌入失败
[2025-12-29 14:40:52] WARNING particle.py:138: ================================================================================
[2025-12-29 14:40:52] INFO amygdala.py:309: [Amygdala.add] 粒子生成完成: 0 个粒子
[2025-12-29 14:40:52] WARNING amygdala.py:328: [Amygdala.add] 警告: 对话 'I love Python programming and machine learning!...' 未生成任何粒子
[2025-12-29 14:40:52] WARNING amygdala.py:329:   可能原因: 1) 文本中未提取到实体 2) 实体提取失败 3) 情绪分析失败
[2025-12-29 14:40:52] WARNING amygdala.py:340: [Amygdala.add] 处理完成，但未生成粒子
[2025-12-29 14:40:52] WARNING amygdala.py:341:   对话ID: test_conversation-d92876fdc0ca1ac61d775e496574e00e
[2025-12-29 14:40:52] WARNING amygdala.py:342:   对话内容: I love Python programming and machine learning!
[2025-12-29 14:40:52] INFO test_amygdala.py:33: 清理测试数据: ./test_amygdala_edge
[2025-12-29 14:40:52] INFO prompt_template_manager.py:58: Loading templates from directory: /mnt/d/Codes/HyperAmy/hipporag/prompts/templates
[2025-12-29 14:40:53] INFO entitiy.py:61: Entity initialized with model: DeepSeek-V3.2
[2025-12-29 14:40:53] INFO prompt_template_manager.py:51: Loading templates from directory: /mnt/d/Codes/HyperAmy/prompts/templates
[2025-12-29 14:40:53] INFO sentence.py:43: Sentence initialized with model: DeepSeek-V3.2
[2025-12-29 14:40:53] INFO emotion_v2.py:84: EmotionV2 initialized with model: DeepSeek-V3.2, embedding_model: GLM-Embedding-3
[2025-12-29 14:40:53] INFO speed.py:22: Speed module initialized
[2025-12-29 14:40:53] INFO temperature.py:22: Temperature module initialized
[2025-12-29 14:40:53] INFO particle.py:79: Particle module initialized
[2025-12-29 14:40:53] INFO amygdala.py:221: Particle module initialized
[2025-12-29 14:40:53] INFO posthog.py:22: Anonymized telemetry enabled. See                     https://docs.trychroma.com/telemetry for more information.
[2025-12-29 14:40:54] INFO chroma_client.py:36: ChromaClient initialized: path=./hyperamy_db_test_particles_edge, collection=test_particles_edge
[2025-12-29 14:40:54] INFO storage.py:37: HyperAmyStorage initialized: path=./hyperamy_db_test_particles_edge, collection=test_particles_edge
[2025-12-29 14:40:54] INFO amygdala.py:227: Particle storage initialized: collection=test_particles_edge
[2025-12-29 14:40:54] INFO amygdala.py:39: Creating working directory: test_amygdala_edge/conversation_embeddings
[2025-12-29 14:40:54] INFO amygdala.py:251: Conversation store initialized without embedding model
[2025-12-29 14:40:54] INFO amygdala.py:485: No existing relationship mapping file found
[2025-12-29 14:40:54] INFO amygdala.py:259: Amygdala workflow initialized
[2025-12-29 14:40:54] INFO amygdala.py:296: ================================================================================
[2025-12-29 14:40:54] INFO amygdala.py:297: [Amygdala.add] 开始处理对话
[2025-12-29 14:40:54] INFO amygdala.py:298:   输入 - conversation_id: test_conversation-d41d8cd98f00b204e9800998ecf8427e
[2025-12-29 14:40:54] INFO amygdala.py:299:   输入 - conversation_text: 
[2025-12-29 14:40:54] INFO amygdala.py:300:   输入 - conversation_length: 0 字符
[2025-12-29 14:40:54] INFO particle.py:100: ================================================================================
[2025-12-29 14:40:54] INFO particle.py:101: [Particle.process] 开始处理文本
[2025-12-29 14:40:54] INFO particle.py:102:   输入 - text_id: test_conversation-d41d8cd98f00b204e9800998ecf8427e
[2025-12-29 14:40:54] INFO particle.py:103:   输入 - text: 
[2025-12-29 14:40:54] INFO particle.py:104:   输入 - text_length: 0 字符
[2025-12-29 14:40:54] INFO particle.py:105:   输入 - entities: None (将自动抽取)
[2025-12-29 14:40:54] INFO emotion_v2.py:156: ================================================================================
[2025-12-29 14:40:54] INFO emotion_v2.py:157: [EmotionV2.process] 开始处理文本
[2025-12-29 14:40:54] INFO emotion_v2.py:158:   输入 - text_id: test_conversation-d41d8cd98f00b204e9800998ecf8427e
[2025-12-29 14:40:54] INFO emotion_v2.py:159:   输入 - text: 
[2025-12-29 14:40:54] INFO emotion_v2.py:160:   输入 - text_length: 0 字符
[2025-12-29 14:40:54] INFO emotion_v2.py:161:   输入 - entities: None (将自动抽取)
[2025-12-29 14:40:54] INFO emotion_v2.py:165: [EmotionV2.process] 开始抽取实体...
[2025-12-29 14:40:54] INFO emotion_v2.py:167: [EmotionV2.process] 实体抽取完成
[2025-12-29 14:40:54] INFO emotion_v2.py:168:   抽取结果 - 实体数量: 7
[2025-12-29 14:40:54] INFO emotion_v2.py:169:   抽取结果 - 实体列表: ['Radio City', 'India', '3 July 2001', 'Hindi', 'English', 'May 2008', 'PlanetRadiocity.com']
[2025-12-29 14:40:54] INFO emotion_v2.py:191: [EmotionV2.process] 开始为实体生成情感描述...
[2025-12-29 14:40:54] INFO emotion_v2.py:192:   实体数量: 7
[2025-12-29 14:40:54] INFO emotion_v2.py:193:   实体列表: ['Radio City', 'India', '3 July 2001', 'Hindi', 'English', 'May 2008', 'PlanetRadiocity.com']
[2025-12-29 14:40:54] INFO sentence.py:67: [Sentence.generate_affective_description] 开始为实体 'Radio City' 生成情感描述
[2025-12-29 14:41:03] INFO sentence.py:78: [Sentence.generate_affective_description] 成功生成描述: admiration, pride, nostalgia
[2025-12-29 14:41:03] INFO sentence.py:67: [Sentence.generate_affective_description] 开始为实体 'India' 生成情感描述
[2025-12-29 14:41:04] INFO sentence.py:78: [Sentence.generate_affective_description] 成功生成描述: No sentence provided.
[2025-12-29 14:41:04] INFO sentence.py:67: [Sentence.generate_affective_description] 开始为实体 '3 July 2001' 生成情感描述
[2025-12-29 14:41:06] INFO _common.py:105: Backing off send_request(...) for 0.5s (requests.exceptions.ReadTimeout: HTTPSConnectionPool(host='us.i.posthog.com', port=443): Read timed out. (read timeout=15))
[2025-12-29 14:42:05] ERROR completion_client.py:259: [CompletionClient] 请求超时（60秒）
[2025-12-29 14:42:05] ERROR completion_client.py:260:   URL: https://llmapi.paratera.com/v1/chat/completions
[2025-12-29 14:42:05] ERROR completion_client.py:261:   Model: DeepSeek-V3.2
[2025-12-29 14:42:05] ERROR sentence.py:85: [Sentence.generate_affective_description] 生成失败
[2025-12-29 14:42:05] ERROR sentence.py:86:   实体: 3 July 2001
[2025-12-29 14:42:05] ERROR sentence.py:87:   句子: 
[2025-12-29 14:42:05] ERROR sentence.py:88:   错误信息: HTTPSConnectionPool(host='llmapi.paratera.com', port=443): Read timed out. (read timeout=60)
[2025-12-29 14:42:05] ERROR sentence.py:90:   错误堆栈:
Traceback (most recent call last):
  File "/home/shervin/.local/lib/python3.10/site-packages/urllib3/connectionpool.py", line 534, in _make_request
    response = conn.getresponse()
  File "/home/shervin/.local/lib/python3.10/site-packages/urllib3/connection.py", line 565, in getresponse
    httplib_response = super().getresponse()
  File "/usr/lib/python3.10/http/client.py", line 1375, in getresponse
    response.begin()
  File "/usr/lib/python3.10/http/client.py", line 318, in begin
    version, status, reason = self._read_status()
  File "/usr/lib/python3.10/http/client.py", line 279, in _read_status
    line = str(self.fp.readline(_MAXLINE + 1), "iso-8859-1")
  File "/usr/lib/python3.10/socket.py", line 705, in readinto
    return self._sock.recv_into(b)
  File "/usr/lib/python3.10/ssl.py", line 1303, in recv_into
    return self.read(nbytes, buffer)
  File "/usr/lib/python3.10/ssl.py", line 1159, in read
    return self._sslobj.read(len, buffer)
TimeoutError: The read operation timed out

The above exception was the direct cause of the following exception:

Traceback (most recent call last):
  File "/home/shervin/.local/lib/python3.10/site-packages/requests/adapters.py", line 644, in send
    resp = conn.urlopen(
  File "/home/shervin/.local/lib/python3.10/site-packages/urllib3/connectionpool.py", line 841, in urlopen
    retries = retries.increment(
  File "/home/shervin/.local/lib/python3.10/site-packages/urllib3/util/retry.py", line 474, in increment
    raise reraise(type(error), error, _stacktrace)
  File "/home/shervin/.local/lib/python3.10/site-packages/urllib3/util/util.py", line 39, in reraise
    raise value
  File "/home/shervin/.local/lib/python3.10/site-packages/urllib3/connectionpool.py", line 787, in urlopen
    response = self._make_request(
  File "/home/shervin/.local/lib/python3.10/site-packages/urllib3/connectionpool.py", line 536, in _make_request
    self._raise_timeout(err=e, url=url, timeout_value=read_timeout)
  File "/home/shervin/.local/lib/python3.10/site-packages/urllib3/connectionpool.py", line 367, in _raise_timeout
    raise ReadTimeoutError(
urllib3.exceptions.ReadTimeoutError: HTTPSConnectionPool(host='llmapi.paratera.com', port=443): Read timed out. (read timeout=60)

During handling of the above exception, another exception occurred:

Traceback (most recent call last):
  File "/mnt/d/Codes/HyperAmy/utils/sentence.py", line 70, in generate_affective_description
    result = self.client.complete(
  File "/mnt/d/Codes/HyperAmy/llm/completion_client.py", line 204, in complete
    return self._complete_chat(query, prompt_template, max_tokens, temperature, **kwargs)
  File "/mnt/d/Codes/HyperAmy/llm/completion_client.py", line 248, in _complete_chat
    response = requests.post(
  File "/home/shervin/.local/lib/python3.10/site-packages/requests/api.py", line 115, in post
    return request("post", url, data=data, json=json, **kwargs)
  File "/home/shervin/.local/lib/python3.10/site-packages/requests/api.py", line 59, in request
    return session.request(method=method, url=url, **kwargs)
  File "/home/shervin/.local/lib/python3.10/site-packages/requests/sessions.py", line 589, in request
    resp = self.send(prep, **send_kwargs)
  File "/home/shervin/.local/lib/python3.10/site-packages/requests/sessions.py", line 703, in send
    r = adapter.send(request, **kwargs)
  File "/home/shervin/.local/lib/python3.10/site-packages/requests/adapters.py", line 690, in send
    raise ReadTimeout(e, request=request)
requests.exceptions.ReadTimeout: HTTPSConnectionPool(host='llmapi.paratera.com', port=443): Read timed out. (read timeout=60)

[2025-12-29 14:42:05] WARNING sentence.py:117: Failed to generate description for entity '3 July 2001': HTTPSConnectionPool(host='llmapi.paratera.com', port=443): Read timed out. (read timeout=60)
[2025-12-29 14:42:05] INFO sentence.py:67: [Sentence.generate_affective_description] 开始为实体 'Hindi' 生成情感描述
[2025-12-29 14:42:39] INFO sentence.py:78: [Sentence.generate_affective_description] 成功生成描述: admiration, pride, interest, connection
[2025-12-29 14:42:39] INFO sentence.py:67: [Sentence.generate_affective_description] 开始为实体 'English' 生成情感描述
[2025-12-29 14:43:39] ERROR completion_client.py:259: [CompletionClient] 请求超时（60秒）
[2025-12-29 14:43:39] ERROR completion_client.py:260:   URL: https://llmapi.paratera.com/v1/chat/completions
[2025-12-29 14:43:39] ERROR completion_client.py:261:   Model: DeepSeek-V3.2
[2025-12-29 14:43:39] ERROR sentence.py:85: [Sentence.generate_affective_description] 生成失败
[2025-12-29 14:43:39] ERROR sentence.py:86:   实体: English
[2025-12-29 14:43:39] ERROR sentence.py:87:   句子: 
[2025-12-29 14:43:39] ERROR sentence.py:88:   错误信息: HTTPSConnectionPool(host='llmapi.paratera.com', port=443): Read timed out. (read timeout=60)
[2025-12-29 14:43:39] ERROR sentence.py:90:   错误堆栈:
Traceback (most recent call last):
  File "/home/shervin/.local/lib/python3.10/site-packages/urllib3/connectionpool.py", line 534, in _make_request
    response = conn.getresponse()
  File "/home/shervin/.local/lib/python3.10/site-packages/urllib3/connection.py", line 565, in getresponse
    httplib_response = super().getresponse()
  File "/usr/lib/python3.10/http/client.py", line 1375, in getresponse
    response.begin()
  File "/usr/lib/python3.10/http/client.py", line 318, in begin
    version, status, reason = self._read_status()
  File "/usr/lib/python3.10/http/client.py", line 279, in _read_status
    line = str(self.fp.readline(_MAXLINE + 1), "iso-8859-1")
  File "/usr/lib/python3.10/socket.py", line 705, in readinto
    return self._sock.recv_into(b)
  File "/usr/lib/python3.10/ssl.py", line 1303, in recv_into
    return self.read(nbytes, buffer)
  File "/usr/lib/python3.10/ssl.py", line 1159, in read
    return self._sslobj.read(len, buffer)
TimeoutError: The read operation timed out

The above exception was the direct cause of the following exception:

Traceback (most recent call last):
  File "/home/shervin/.local/lib/python3.10/site-packages/requests/adapters.py", line 644, in send
    resp = conn.urlopen(
  File "/home/shervin/.local/lib/python3.10/site-packages/urllib3/connectionpool.py", line 841, in urlopen
    retries = retries.increment(
  File "/home/shervin/.local/lib/python3.10/site-packages/urllib3/util/retry.py", line 474, in increment
    raise reraise(type(error), error, _stacktrace)
  File "/home/shervin/.local/lib/python3.10/site-packages/urllib3/util/util.py", line 39, in reraise
    raise value
  File "/home/shervin/.local/lib/python3.10/site-packages/urllib3/connectionpool.py", line 787, in urlopen
    response = self._make_request(
  File "/home/shervin/.local/lib/python3.10/site-packages/urllib3/connectionpool.py", line 536, in _make_request
    self._raise_timeout(err=e, url=url, timeout_value=read_timeout)
  File "/home/shervin/.local/lib/python3.10/site-packages/urllib3/connectionpool.py", line 367, in _raise_timeout
    raise ReadTimeoutError(
urllib3.exceptions.ReadTimeoutError: HTTPSConnectionPool(host='llmapi.paratera.com', port=443): Read timed out. (read timeout=60)

During handling of the above exception, another exception occurred:

Traceback (most recent call last):
  File "/mnt/d/Codes/HyperAmy/utils/sentence.py", line 70, in generate_affective_description
    result = self.client.complete(
  File "/mnt/d/Codes/HyperAmy/llm/completion_client.py", line 204, in complete
    return self._complete_chat(query, prompt_template, max_tokens, temperature, **kwargs)
  File "/mnt/d/Codes/HyperAmy/llm/completion_client.py", line 248, in _complete_chat
    response = requests.post(
  File "/home/shervin/.local/lib/python3.10/site-packages/requests/api.py", line 115, in post
    return request("post", url, data=data, json=json, **kwargs)
  File "/home/shervin/.local/lib/python3.10/site-packages/requests/api.py", line 59, in request
    return session.request(method=method, url=url, **kwargs)
  File "/home/shervin/.local/lib/python3.10/site-packages/requests/sessions.py", line 589, in request
    resp = self.send(prep, **send_kwargs)
  File "/home/shervin/.local/lib/python3.10/site-packages/requests/sessions.py", line 703, in send
    r = adapter.send(request, **kwargs)
  File "/home/shervin/.local/lib/python3.10/site-packages/requests/adapters.py", line 690, in send
    raise ReadTimeout(e, request=request)
requests.exceptions.ReadTimeout: HTTPSConnectionPool(host='llmapi.paratera.com', port=443): Read timed out. (read timeout=60)

[2025-12-29 14:43:39] WARNING sentence.py:117: Failed to generate description for entity 'English': HTTPSConnectionPool(host='llmapi.paratera.com', port=443): Read timed out. (read timeout=60)
[2025-12-29 14:43:39] INFO sentence.py:67: [Sentence.generate_affective_description] 开始为实体 'May 2008' 生成情感描述
